[0.229s] [34mcolcon[0m [1;30mDEBUG[0m [32mCommand line arguments: ['/usr/bin/colcon', 'build', '--packages-select', 'result_publisher'][0m
[0.230s] [34mcolcon[0m [1;30mDEBUG[0m [32mParsed command line arguments: Namespace(log_base=None, log_level=None, verb_name='build', build_base='build', install_base='install', merge_install=False, symlink_install=False, test_result_base=None, continue_on_error=False, executor='parallel', parallel_workers=8, event_handlers=None, ignore_user_meta=False, metas=['./colcon.meta'], base_paths=['.'], packages_ignore=None, packages_ignore_regex=None, paths=None, packages_up_to=None, packages_up_to_regex=None, packages_above=None, packages_above_and_dependencies=None, packages_above_depth=None, packages_select_by_dep=None, packages_skip_by_dep=None, packages_skip_up_to=None, packages_select_build_failed=False, packages_skip_build_finished=False, packages_select_test_failures=False, packages_skip_test_passed=False, packages_select=['result_publisher'], packages_skip=None, packages_select_regex=None, packages_skip_regex=None, packages_start=None, packages_end=None, allow_overriding=[], cmake_args=None, cmake_target=None, cmake_target_skip_unavailable=False, cmake_clean_cache=False, cmake_clean_first=False, cmake_force_configure=False, ament_cmake_args=None, catkin_cmake_args=None, catkin_skip_building_tests=False, verb_parser=<colcon_defaults.argument_parser.defaults.DefaultArgumentsDecorator object at 0x7678d4651de0>, verb_extension=<colcon_core.verb.build.BuildVerb object at 0x7678d46517b0>, main=<bound method BuildVerb.main of <colcon_core.verb.build.BuildVerb object at 0x7678d46517b0>>)[0m
[0.290s] [34mcolcon.colcon_core.package_discovery[0m [1;30mLevel 1[0m discover_packages(colcon_meta) check parameters
[0.290s] [34mcolcon.colcon_core.package_discovery[0m [1;30mLevel 1[0m discover_packages(recursive) check parameters
[0.290s] [34mcolcon.colcon_core.package_discovery[0m [1;30mLevel 1[0m discover_packages(ignore) check parameters
[0.290s] [34mcolcon.colcon_core.package_discovery[0m [1;30mLevel 1[0m discover_packages(path) check parameters
[0.290s] [34mcolcon.colcon_core.package_discovery[0m [1;30mLevel 1[0m discover_packages(colcon_meta) discover
[0.290s] [34mcolcon.colcon_core.package_discovery[0m [1;30mLevel 1[0m discover_packages(recursive) discover
[0.290s] [34mcolcon.colcon_core.package_discovery[0m [1;30mINFO[0m Crawling recursively for packages in '/home/hkit/Downloads/test/mediapipe_only/Ros2_ws'
[0.290s] [34mcolcon.colcon_core.package_identification[0m [1;30mLevel 1[0m _identify(.) by extensions ['ignore', 'ignore_ament_install']
[0.291s] [34mcolcon.colcon_core.package_identification[0m [1;30mLevel 1[0m _identify(.) by extension 'ignore'
[0.291s] [34mcolcon.colcon_core.package_identification[0m [1;30mLevel 1[0m _identify(.) by extension 'ignore_ament_install'
[0.291s] [34mcolcon.colcon_core.package_identification[0m [1;30mLevel 1[0m _identify(.) by extensions ['colcon_pkg']
[0.291s] [34mcolcon.colcon_core.package_identification[0m [1;30mLevel 1[0m _identify(.) by extension 'colcon_pkg'
[0.291s] [34mcolcon.colcon_core.package_identification[0m [1;30mLevel 1[0m _identify(.) by extensions ['colcon_meta']
[0.291s] [34mcolcon.colcon_core.package_identification[0m [1;30mLevel 1[0m _identify(.) by extension 'colcon_meta'
[0.291s] [34mcolcon.colcon_core.package_identification[0m [1;30mLevel 1[0m _identify(.) by extensions ['ros']
[0.291s] [34mcolcon.colcon_core.package_identification[0m [1;30mLevel 1[0m _identify(.) by extension 'ros'
[0.317s] [34mcolcon.colcon_core.package_identification[0m [1;30mLevel 1[0m _identify(.) by extensions ['cmake', 'python']
[0.317s] [34mcolcon.colcon_core.package_identification[0m [1;30mLevel 1[0m _identify(.) by extension 'cmake'
[0.317s] [34mcolcon.colcon_core.package_identification[0m [1;30mLevel 1[0m _identify(.) by extension 'python'
[0.317s] [34mcolcon.colcon_core.package_identification[0m [1;30mLevel 1[0m _identify(.) by extensions ['python_setup_py']
[0.317s] [34mcolcon.colcon_core.package_identification[0m [1;30mLevel 1[0m _identify(.) by extension 'python_setup_py'
[0.317s] [34mcolcon.colcon_core.package_identification[0m [1;30mLevel 1[0m _identify(build) by extensions ['ignore', 'ignore_ament_install']
[0.318s] [34mcolcon.colcon_core.package_identification[0m [1;30mLevel 1[0m _identify(build) by extension 'ignore'
[0.318s] [34mcolcon.colcon_core.package_identification[0m [1;30mLevel 1[0m _identify(build) ignored
[0.318s] [34mcolcon.colcon_core.package_identification[0m [1;30mLevel 1[0m _identify(install) by extensions ['ignore', 'ignore_ament_install']
[0.318s] [34mcolcon.colcon_core.package_identification[0m [1;30mLevel 1[0m _identify(install) by extension 'ignore'
[0.318s] [34mcolcon.colcon_core.package_identification[0m [1;30mLevel 1[0m _identify(install) ignored
[0.318s] [34mcolcon.colcon_core.package_identification[0m [1;30mLevel 1[0m _identify(log) by extensions ['ignore', 'ignore_ament_install']
[0.318s] [34mcolcon.colcon_core.package_identification[0m [1;30mLevel 1[0m _identify(log) by extension 'ignore'
[0.318s] [34mcolcon.colcon_core.package_identification[0m [1;30mLevel 1[0m _identify(log) ignored
[0.318s] [34mcolcon.colcon_core.package_identification[0m [1;30mLevel 1[0m _identify(src) by extensions ['ignore', 'ignore_ament_install']
[0.318s] [34mcolcon.colcon_core.package_identification[0m [1;30mLevel 1[0m _identify(src) by extension 'ignore'
[0.318s] [34mcolcon.colcon_core.package_identification[0m [1;30mLevel 1[0m _identify(src) by extension 'ignore_ament_install'
[0.319s] [34mcolcon.colcon_core.package_identification[0m [1;30mLevel 1[0m _identify(src) by extensions ['colcon_pkg']
[0.319s] [34mcolcon.colcon_core.package_identification[0m [1;30mLevel 1[0m _identify(src) by extension 'colcon_pkg'
[0.319s] [34mcolcon.colcon_core.package_identification[0m [1;30mLevel 1[0m _identify(src) by extensions ['colcon_meta']
[0.319s] [34mcolcon.colcon_core.package_identification[0m [1;30mLevel 1[0m _identify(src) by extension 'colcon_meta'
[0.319s] [34mcolcon.colcon_core.package_identification[0m [1;30mLevel 1[0m _identify(src) by extensions ['ros']
[0.319s] [34mcolcon.colcon_core.package_identification[0m [1;30mLevel 1[0m _identify(src) by extension 'ros'
[0.319s] [34mcolcon.colcon_core.package_identification[0m [1;30mLevel 1[0m _identify(src) by extensions ['cmake', 'python']
[0.319s] [34mcolcon.colcon_core.package_identification[0m [1;30mLevel 1[0m _identify(src) by extension 'cmake'
[0.319s] [34mcolcon.colcon_core.package_identification[0m [1;30mLevel 1[0m _identify(src) by extension 'python'
[0.319s] [34mcolcon.colcon_core.package_identification[0m [1;30mLevel 1[0m _identify(src) by extensions ['python_setup_py']
[0.319s] [34mcolcon.colcon_core.package_identification[0m [1;30mLevel 1[0m _identify(src) by extension 'python_setup_py'
[0.319s] [34mcolcon.colcon_core.package_identification[0m [1;30mLevel 1[0m _identify(src/result_publisher) by extensions ['ignore', 'ignore_ament_install']
[0.320s] [34mcolcon.colcon_core.package_identification[0m [1;30mLevel 1[0m _identify(src/result_publisher) by extension 'ignore'
[0.320s] [34mcolcon.colcon_core.package_identification[0m [1;30mLevel 1[0m _identify(src/result_publisher) by extension 'ignore_ament_install'
[0.320s] [34mcolcon.colcon_core.package_identification[0m [1;30mLevel 1[0m _identify(src/result_publisher) by extensions ['colcon_pkg']
[0.320s] [34mcolcon.colcon_core.package_identification[0m [1;30mLevel 1[0m _identify(src/result_publisher) by extension 'colcon_pkg'
[0.320s] [34mcolcon.colcon_core.package_identification[0m [1;30mLevel 1[0m _identify(src/result_publisher) by extensions ['colcon_meta']
[0.320s] [34mcolcon.colcon_core.package_identification[0m [1;30mLevel 1[0m _identify(src/result_publisher) by extension 'colcon_meta'
[0.320s] [34mcolcon.colcon_core.package_identification[0m [1;30mLevel 1[0m _identify(src/result_publisher) by extensions ['ros']
[0.320s] [34mcolcon.colcon_core.package_identification[0m [1;30mLevel 1[0m _identify(src/result_publisher) by extension 'ros'
[0.325s] [34mcolcon.colcon_core.package_identification[0m [1;30mDEBUG[0m [32mPackage 'src/result_publisher' with type 'ros.ament_python' and name 'result_publisher'[0m
[0.325s] [34mcolcon.colcon_core.package_identification[0m [1;30mLevel 1[0m _identify(src/result_subscriber) by extensions ['ignore', 'ignore_ament_install']
[0.325s] [34mcolcon.colcon_core.package_identification[0m [1;30mLevel 1[0m _identify(src/result_subscriber) by extension 'ignore'
[0.326s] [34mcolcon.colcon_core.package_identification[0m [1;30mLevel 1[0m _identify(src/result_subscriber) by extension 'ignore_ament_install'
[0.326s] [34mcolcon.colcon_core.package_identification[0m [1;30mLevel 1[0m _identify(src/result_subscriber) by extensions ['colcon_pkg']
[0.326s] [34mcolcon.colcon_core.package_identification[0m [1;30mLevel 1[0m _identify(src/result_subscriber) by extension 'colcon_pkg'
[0.326s] [34mcolcon.colcon_core.package_identification[0m [1;30mLevel 1[0m _identify(src/result_subscriber) by extensions ['colcon_meta']
[0.326s] [34mcolcon.colcon_core.package_identification[0m [1;30mLevel 1[0m _identify(src/result_subscriber) by extension 'colcon_meta'
[0.326s] [34mcolcon.colcon_core.package_identification[0m [1;30mLevel 1[0m _identify(src/result_subscriber) by extensions ['ros']
[0.326s] [34mcolcon.colcon_core.package_identification[0m [1;30mLevel 1[0m _identify(src/result_subscriber) by extension 'ros'
[0.328s] [34mcolcon.colcon_core.package_identification[0m [1;30mDEBUG[0m [32mPackage 'src/result_subscriber' with type 'ros.ament_cmake' and name 'result_subscriber'[0m
[0.328s] [34mcolcon.colcon_core.package_discovery[0m [1;30mLevel 1[0m discover_packages(recursive) using defaults
[0.328s] [34mcolcon.colcon_core.package_discovery[0m [1;30mLevel 1[0m discover_packages(ignore) discover
[0.328s] [34mcolcon.colcon_core.package_discovery[0m [1;30mLevel 1[0m discover_packages(ignore) using defaults
[0.328s] [34mcolcon.colcon_core.package_discovery[0m [1;30mLevel 1[0m discover_packages(path) discover
[0.328s] [34mcolcon.colcon_core.package_discovery[0m [1;30mLevel 1[0m discover_packages(path) using defaults
[0.346s] [34mcolcon.colcon_core.package_selection[0m [1;30mINFO[0m Skipping not selected package 'result_subscriber' in 'src/result_subscriber'
[0.346s] [34mcolcon.colcon_core.package_discovery[0m [1;30mLevel 1[0m discover_packages(prefix_path) check parameters
[0.347s] [34mcolcon.colcon_core.package_discovery[0m [1;30mLevel 1[0m discover_packages(prefix_path) discover
[0.349s] [34mcolcon.colcon_installed_package_information.package_discovery[0m [1;30mDEBUG[0m [32mFound 2 installed packages in /home/hkit/Downloads/test/mediapipe_only/Ros2_ws/install[0m
[0.349s] [34mcolcon.colcon_installed_package_information.package_discovery[0m [1;30mDEBUG[0m [32mFound 9 installed packages in /home/hkit/ros2_ws/install[0m
[0.351s] [34mcolcon.colcon_installed_package_information.package_discovery[0m [1;30mDEBUG[0m [32mFound 278 installed packages in /opt/ros/humble[0m
[0.353s] [34mcolcon.colcon_core.package_discovery[0m [1;30mLevel 1[0m discover_packages(prefix_path) using defaults
[0.421s] [34mcolcon.colcon_core.verb[0m [1;30mLevel 5[0m set package 'result_publisher' build argument 'cmake_args' from command line to 'None'
[0.421s] [34mcolcon.colcon_core.verb[0m [1;30mLevel 5[0m set package 'result_publisher' build argument 'cmake_target' from command line to 'None'
[0.421s] [34mcolcon.colcon_core.verb[0m [1;30mLevel 5[0m set package 'result_publisher' build argument 'cmake_target_skip_unavailable' from command line to 'False'
[0.421s] [34mcolcon.colcon_core.verb[0m [1;30mLevel 5[0m set package 'result_publisher' build argument 'cmake_clean_cache' from command line to 'False'
[0.421s] [34mcolcon.colcon_core.verb[0m [1;30mLevel 5[0m set package 'result_publisher' build argument 'cmake_clean_first' from command line to 'False'
[0.421s] [34mcolcon.colcon_core.verb[0m [1;30mLevel 5[0m set package 'result_publisher' build argument 'cmake_force_configure' from command line to 'False'
[0.422s] [34mcolcon.colcon_core.verb[0m [1;30mLevel 5[0m set package 'result_publisher' build argument 'ament_cmake_args' from command line to 'None'
[0.422s] [34mcolcon.colcon_core.verb[0m [1;30mLevel 5[0m set package 'result_publisher' build argument 'catkin_cmake_args' from command line to 'None'
[0.422s] [34mcolcon.colcon_core.verb[0m [1;30mLevel 5[0m set package 'result_publisher' build argument 'catkin_skip_building_tests' from command line to 'False'
[0.422s] [34mcolcon.colcon_core.verb[0m [1;30mDEBUG[0m [32mBuilding package 'result_publisher' with the following arguments: {'ament_cmake_args': None, 'build_base': '/home/hkit/Downloads/test/mediapipe_only/Ros2_ws/build/result_publisher', 'catkin_cmake_args': None, 'catkin_skip_building_tests': False, 'cmake_args': None, 'cmake_clean_cache': False, 'cmake_clean_first': False, 'cmake_force_configure': False, 'cmake_target': None, 'cmake_target_skip_unavailable': False, 'install_base': '/home/hkit/Downloads/test/mediapipe_only/Ros2_ws/install/result_publisher', 'merge_install': False, 'path': '/home/hkit/Downloads/test/mediapipe_only/Ros2_ws/src/result_publisher', 'symlink_install': False, 'test_result_base': None}[0m
[0.422s] [34mcolcon.colcon_core.executor[0m [1;30mINFO[0m Executing jobs using 'parallel' executor
[0.425s] [34mcolcon.colcon_parallel_executor.executor.parallel[0m [1;30mDEBUG[0m [32mrun_until_complete[0m
[0.425s] [34mcolcon.colcon_ros.task.ament_python.build[0m [1;30mINFO[0m Building ROS package in '/home/hkit/Downloads/test/mediapipe_only/Ros2_ws/src/result_publisher' with build type 'ament_python'
[0.426s] [34mcolcon.colcon_core.shell[0m [1;30mLevel 1[0m create_environment_hook('result_publisher', 'ament_prefix_path')
[0.428s] [34mcolcon.colcon_core.plugin_system[0m [1;30mINFO[0m Skipping extension 'colcon_core.shell.bat': Not used on non-Windows systems
[0.428s] [34mcolcon.colcon_core.shell[0m [1;30mINFO[0m Creating environment hook '/home/hkit/Downloads/test/mediapipe_only/Ros2_ws/install/result_publisher/share/result_publisher/hook/ament_prefix_path.ps1'
[0.429s] [34mcolcon.colcon_core.shell[0m [1;30mINFO[0m Creating environment descriptor '/home/hkit/Downloads/test/mediapipe_only/Ros2_ws/install/result_publisher/share/result_publisher/hook/ament_prefix_path.dsv'
[0.430s] [34mcolcon.colcon_core.shell[0m [1;30mINFO[0m Creating environment hook '/home/hkit/Downloads/test/mediapipe_only/Ros2_ws/install/result_publisher/share/result_publisher/hook/ament_prefix_path.sh'
[0.431s] [34mcolcon.colcon_core.shell[0m [1;30mINFO[0m Skip shell extension 'powershell' for command environment: Not usable outside of PowerShell
[0.431s] [34mcolcon.colcon_core.shell[0m [1;30mDEBUG[0m [32mSkip shell extension 'dsv' for command environment[0m
[0.791s] [34mcolcon.colcon_core.task.python.build[0m [1;30mINFO[0m Building Python package in '/home/hkit/Downloads/test/mediapipe_only/Ros2_ws/src/result_publisher'
[0.791s] [34mcolcon.colcon_core.shell[0m [1;30mINFO[0m Skip shell extension 'powershell' for command environment: Not usable outside of PowerShell
[0.792s] [34mcolcon.colcon_core.shell[0m [1;30mDEBUG[0m [32mSkip shell extension 'dsv' for command environment[0m
[1.491s] [34mcolcon.colcon_core.event_handler.log_command[0m [1;30mDEBUG[0m [32mInvoking command in '/home/hkit/Downloads/test/mediapipe_only/Ros2_ws/src/result_publisher': PYTHONPATH=/home/hkit/Downloads/test/mediapipe_only/Ros2_ws/build/result_publisher/prefix_override:/usr/lib/python3/dist-packages/colcon_core/task/python/colcon_distutils_commands:/home/hkit/Downloads/test/mediapipe_only/Ros2_ws/install/result_publisher/lib/python3.10/site-packages:${PYTHONPATH} /usr/bin/python3 -W ignore:setup.py install is deprecated -W ignore:easy_install command is deprecated setup.py egg_info --egg-base ../../build/result_publisher build --build-base /home/hkit/Downloads/test/mediapipe_only/Ros2_ws/build/result_publisher/build install --record /home/hkit/Downloads/test/mediapipe_only/Ros2_ws/build/result_publisher/install.log --single-version-externally-managed install_data[0m
[2.214s] [34mcolcon.colcon_core.event_handler.log_command[0m [1;30mDEBUG[0m [32mInvoked command in '/home/hkit/Downloads/test/mediapipe_only/Ros2_ws/src/result_publisher' returned '0': PYTHONPATH=/home/hkit/Downloads/test/mediapipe_only/Ros2_ws/build/result_publisher/prefix_override:/usr/lib/python3/dist-packages/colcon_core/task/python/colcon_distutils_commands:/home/hkit/Downloads/test/mediapipe_only/Ros2_ws/install/result_publisher/lib/python3.10/site-packages:${PYTHONPATH} /usr/bin/python3 -W ignore:setup.py install is deprecated -W ignore:easy_install command is deprecated setup.py egg_info --egg-base ../../build/result_publisher build --build-base /home/hkit/Downloads/test/mediapipe_only/Ros2_ws/build/result_publisher/build install --record /home/hkit/Downloads/test/mediapipe_only/Ros2_ws/build/result_publisher/install.log --single-version-externally-managed install_data[0m
[2.218s] [34mcolcon.colcon_core.environment[0m [1;30mLevel 1[0m checking '/home/hkit/Downloads/test/mediapipe_only/Ros2_ws/install/result_publisher' for CMake module files
[2.219s] [34mcolcon.colcon_core.environment[0m [1;30mLevel 1[0m checking '/home/hkit/Downloads/test/mediapipe_only/Ros2_ws/install/result_publisher' for CMake config files
[2.221s] [34mcolcon.colcon_core.environment[0m [1;30mLevel 1[0m checking '/home/hkit/Downloads/test/mediapipe_only/Ros2_ws/install/result_publisher/lib'
[2.222s] [34mcolcon.colcon_core.environment[0m [1;30mLevel 1[0m checking '/home/hkit/Downloads/test/mediapipe_only/Ros2_ws/install/result_publisher/bin'
[2.222s] [34mcolcon.colcon_core.environment[0m [1;30mLevel 1[0m checking '/home/hkit/Downloads/test/mediapipe_only/Ros2_ws/install/result_publisher/lib/pkgconfig/result_publisher.pc'
[2.223s] [34mcolcon.colcon_core.environment[0m [1;30mLevel 1[0m checking '/home/hkit/Downloads/test/mediapipe_only/Ros2_ws/install/result_publisher/lib/python3.10/site-packages'
[2.223s] [34mcolcon.colcon_core.shell[0m [1;30mLevel 1[0m create_environment_hook('result_publisher', 'pythonpath')
[2.223s] [34mcolcon.colcon_core.shell[0m [1;30mINFO[0m Creating environment hook '/home/hkit/Downloads/test/mediapipe_only/Ros2_ws/install/result_publisher/share/result_publisher/hook/pythonpath.ps1'
[2.224s] [34mcolcon.colcon_core.shell[0m [1;30mINFO[0m Creating environment descriptor '/home/hkit/Downloads/test/mediapipe_only/Ros2_ws/install/result_publisher/share/result_publisher/hook/pythonpath.dsv'
[2.224s] [34mcolcon.colcon_core.shell[0m [1;30mINFO[0m Creating environment hook '/home/hkit/Downloads/test/mediapipe_only/Ros2_ws/install/result_publisher/share/result_publisher/hook/pythonpath.sh'
[2.225s] [34mcolcon.colcon_core.environment[0m [1;30mLevel 1[0m checking '/home/hkit/Downloads/test/mediapipe_only/Ros2_ws/install/result_publisher/bin'
[2.225s] [34mcolcon.colcon_core.environment[0m [1;30mLevel 1[0m create_environment_scripts_only(result_publisher)
[2.225s] [34mcolcon.colcon_core.shell[0m [1;30mINFO[0m Creating package script '/home/hkit/Downloads/test/mediapipe_only/Ros2_ws/install/result_publisher/share/result_publisher/package.ps1'
[2.226s] [34mcolcon.colcon_core.shell[0m [1;30mINFO[0m Creating package descriptor '/home/hkit/Downloads/test/mediapipe_only/Ros2_ws/install/result_publisher/share/result_publisher/package.dsv'
[2.227s] [34mcolcon.colcon_core.shell[0m [1;30mINFO[0m Creating package script '/home/hkit/Downloads/test/mediapipe_only/Ros2_ws/install/result_publisher/share/result_publisher/package.sh'
[2.228s] [34mcolcon.colcon_core.shell[0m [1;30mINFO[0m Creating package script '/home/hkit/Downloads/test/mediapipe_only/Ros2_ws/install/result_publisher/share/result_publisher/package.bash'
[2.228s] [34mcolcon.colcon_core.shell[0m [1;30mINFO[0m Creating package script '/home/hkit/Downloads/test/mediapipe_only/Ros2_ws/install/result_publisher/share/result_publisher/package.zsh'
[2.229s] [34mcolcon.colcon_core.environment[0m [1;30mLevel 1[0m create_file_with_runtime_dependencies(/home/hkit/Downloads/test/mediapipe_only/Ros2_ws/install/result_publisher/share/colcon-core/packages/result_publisher)
[2.230s] [34mcolcon.colcon_parallel_executor.executor.parallel[0m [1;30mDEBUG[0m [32mclosing loop[0m
[2.231s] [34mcolcon.colcon_parallel_executor.executor.parallel[0m [1;30mDEBUG[0m [32mloop closed[0m
[2.232s] [34mcolcon.colcon_parallel_executor.executor.parallel[0m [1;30mDEBUG[0m [32mrun_until_complete finished with '0'[0m
[2.232s] [34mcolcon.colcon_core.event_reactor[0m [1;30mDEBUG[0m [32mjoining thread[0m
[2.241s] [34mcolcon.colcon_core.plugin_system[0m [1;30mINFO[0m Skipping extension 'colcon_notification.desktop_notification.terminal_notifier': Not used on non-Darwin systems
[2.242s] [34mcolcon.colcon_core.plugin_system[0m [1;30mINFO[0m Skipping extension 'colcon_notification.desktop_notification.win32': Not used on non-Windows systems
[2.242s] [34mcolcon.colcon_notification.desktop_notification[0m [1;30mINFO[0m Sending desktop notification using 'notify2'
[2.255s] [34mcolcon.colcon_core.event_reactor[0m [1;30mDEBUG[0m [32mjoined thread[0m
[2.256s] [34mcolcon.colcon_core.shell[0m [1;30mINFO[0m Creating prefix script '/home/hkit/Downloads/test/mediapipe_only/Ros2_ws/install/local_setup.ps1'
[2.258s] [34mcolcon.colcon_core.shell[0m [1;30mINFO[0m Creating prefix util module '/home/hkit/Downloads/test/mediapipe_only/Ros2_ws/install/_local_setup_util_ps1.py'
[2.261s] [34mcolcon.colcon_core.shell[0m [1;30mINFO[0m Creating prefix chain script '/home/hkit/Downloads/test/mediapipe_only/Ros2_ws/install/setup.ps1'
[2.264s] [34mcolcon.colcon_core.shell[0m [1;30mINFO[0m Creating prefix script '/home/hkit/Downloads/test/mediapipe_only/Ros2_ws/install/local_setup.sh'
[2.265s] [34mcolcon.colcon_core.shell[0m [1;30mINFO[0m Creating prefix util module '/home/hkit/Downloads/test/mediapipe_only/Ros2_ws/install/_local_setup_util_sh.py'
[2.266s] [34mcolcon.colcon_core.shell[0m [1;30mINFO[0m Creating prefix chain script '/home/hkit/Downloads/test/mediapipe_only/Ros2_ws/install/setup.sh'
[2.268s] [34mcolcon.colcon_core.shell[0m [1;30mINFO[0m Creating prefix script '/home/hkit/Downloads/test/mediapipe_only/Ros2_ws/install/local_setup.bash'
[2.269s] [34mcolcon.colcon_core.shell[0m [1;30mINFO[0m Creating prefix chain script '/home/hkit/Downloads/test/mediapipe_only/Ros2_ws/install/setup.bash'
[2.272s] [34mcolcon.colcon_core.shell[0m [1;30mINFO[0m Creating prefix script '/home/hkit/Downloads/test/mediapipe_only/Ros2_ws/install/local_setup.zsh'
[2.273s] [34mcolcon.colcon_core.shell[0m [1;30mINFO[0m Creating prefix chain script '/home/hkit/Downloads/test/mediapipe_only/Ros2_ws/install/setup.zsh'
