[0.136s] [34mcolcon[0m [1;30mDEBUG[0m [32mCommand line arguments: ['/usr/bin/colcon', 'build'][0m
[0.136s] [34mcolcon[0m [1;30mDEBUG[0m [32mParsed command line arguments: Namespace(log_base=None, log_level=None, verb_name='build', build_base='build', install_base='install', merge_install=False, symlink_install=False, test_result_base=None, continue_on_error=False, executor='parallel', parallel_workers=8, event_handlers=None, ignore_user_meta=False, metas=['./colcon.meta'], base_paths=['.'], packages_ignore=None, packages_ignore_regex=None, paths=None, packages_up_to=None, packages_up_to_regex=None, packages_above=None, packages_above_and_dependencies=None, packages_above_depth=None, packages_select_by_dep=None, packages_skip_by_dep=None, packages_skip_up_to=None, packages_select_build_failed=False, packages_skip_build_finished=False, packages_select_test_failures=False, packages_skip_test_passed=False, packages_select=None, packages_skip=None, packages_select_regex=None, packages_skip_regex=None, packages_start=None, packages_end=None, allow_overriding=[], cmake_args=None, cmake_target=None, cmake_target_skip_unavailable=False, cmake_clean_cache=False, cmake_clean_first=False, cmake_force_configure=False, ament_cmake_args=None, catkin_cmake_args=None, catkin_skip_building_tests=False, verb_parser=<colcon_defaults.argument_parser.defaults.DefaultArgumentsDecorator object at 0x762f738399c0>, verb_extension=<colcon_core.verb.build.BuildVerb object at 0x762f73839390>, main=<bound method BuildVerb.main of <colcon_core.verb.build.BuildVerb object at 0x762f73839390>>)[0m
[0.172s] [34mcolcon.colcon_core.package_discovery[0m [1;30mLevel 1[0m discover_packages(colcon_meta) check parameters
[0.172s] [34mcolcon.colcon_core.package_discovery[0m [1;30mLevel 1[0m discover_packages(recursive) check parameters
[0.172s] [34mcolcon.colcon_core.package_discovery[0m [1;30mLevel 1[0m discover_packages(ignore) check parameters
[0.172s] [34mcolcon.colcon_core.package_discovery[0m [1;30mLevel 1[0m discover_packages(path) check parameters
[0.172s] [34mcolcon.colcon_core.package_discovery[0m [1;30mLevel 1[0m discover_packages(colcon_meta) discover
[0.173s] [34mcolcon.colcon_core.package_discovery[0m [1;30mLevel 1[0m discover_packages(recursive) discover
[0.173s] [34mcolcon.colcon_core.package_discovery[0m [1;30mINFO[0m Crawling recursively for packages in '/home/hkit/Downloads/test/mediapipe_only/Ros2_ws'
[0.173s] [34mcolcon.colcon_core.package_identification[0m [1;30mLevel 1[0m _identify(.) by extensions ['ignore', 'ignore_ament_install']
[0.173s] [34mcolcon.colcon_core.package_identification[0m [1;30mLevel 1[0m _identify(.) by extension 'ignore'
[0.173s] [34mcolcon.colcon_core.package_identification[0m [1;30mLevel 1[0m _identify(.) by extension 'ignore_ament_install'
[0.173s] [34mcolcon.colcon_core.package_identification[0m [1;30mLevel 1[0m _identify(.) by extensions ['colcon_pkg']
[0.173s] [34mcolcon.colcon_core.package_identification[0m [1;30mLevel 1[0m _identify(.) by extension 'colcon_pkg'
[0.173s] [34mcolcon.colcon_core.package_identification[0m [1;30mLevel 1[0m _identify(.) by extensions ['colcon_meta']
[0.173s] [34mcolcon.colcon_core.package_identification[0m [1;30mLevel 1[0m _identify(.) by extension 'colcon_meta'
[0.173s] [34mcolcon.colcon_core.package_identification[0m [1;30mLevel 1[0m _identify(.) by extensions ['ros']
[0.173s] [34mcolcon.colcon_core.package_identification[0m [1;30mLevel 1[0m _identify(.) by extension 'ros'
[0.188s] [34mcolcon.colcon_core.package_identification[0m [1;30mLevel 1[0m _identify(.) by extensions ['cmake', 'python']
[0.188s] [34mcolcon.colcon_core.package_identification[0m [1;30mLevel 1[0m _identify(.) by extension 'cmake'
[0.188s] [34mcolcon.colcon_core.package_identification[0m [1;30mLevel 1[0m _identify(.) by extension 'python'
[0.188s] [34mcolcon.colcon_core.package_identification[0m [1;30mLevel 1[0m _identify(.) by extensions ['python_setup_py']
[0.188s] [34mcolcon.colcon_core.package_identification[0m [1;30mLevel 1[0m _identify(.) by extension 'python_setup_py'
[0.188s] [34mcolcon.colcon_core.package_identification[0m [1;30mLevel 1[0m _identify(build) by extensions ['ignore', 'ignore_ament_install']
[0.188s] [34mcolcon.colcon_core.package_identification[0m [1;30mLevel 1[0m _identify(build) by extension 'ignore'
[0.188s] [34mcolcon.colcon_core.package_identification[0m [1;30mLevel 1[0m _identify(build) ignored
[0.188s] [34mcolcon.colcon_core.package_identification[0m [1;30mLevel 1[0m _identify(install) by extensions ['ignore', 'ignore_ament_install']
[0.188s] [34mcolcon.colcon_core.package_identification[0m [1;30mLevel 1[0m _identify(install) by extension 'ignore'
[0.188s] [34mcolcon.colcon_core.package_identification[0m [1;30mLevel 1[0m _identify(install) ignored
[0.188s] [34mcolcon.colcon_core.package_identification[0m [1;30mLevel 1[0m _identify(log) by extensions ['ignore', 'ignore_ament_install']
[0.189s] [34mcolcon.colcon_core.package_identification[0m [1;30mLevel 1[0m _identify(log) by extension 'ignore'
[0.189s] [34mcolcon.colcon_core.package_identification[0m [1;30mLevel 1[0m _identify(log) ignored
[0.189s] [34mcolcon.colcon_core.package_identification[0m [1;30mLevel 1[0m _identify(src) by extensions ['ignore', 'ignore_ament_install']
[0.189s] [34mcolcon.colcon_core.package_identification[0m [1;30mLevel 1[0m _identify(src) by extension 'ignore'
[0.189s] [34mcolcon.colcon_core.package_identification[0m [1;30mLevel 1[0m _identify(src) by extension 'ignore_ament_install'
[0.189s] [34mcolcon.colcon_core.package_identification[0m [1;30mLevel 1[0m _identify(src) by extensions ['colcon_pkg']
[0.189s] [34mcolcon.colcon_core.package_identification[0m [1;30mLevel 1[0m _identify(src) by extension 'colcon_pkg'
[0.189s] [34mcolcon.colcon_core.package_identification[0m [1;30mLevel 1[0m _identify(src) by extensions ['colcon_meta']
[0.189s] [34mcolcon.colcon_core.package_identification[0m [1;30mLevel 1[0m _identify(src) by extension 'colcon_meta'
[0.189s] [34mcolcon.colcon_core.package_identification[0m [1;30mLevel 1[0m _identify(src) by extensions ['ros']
[0.189s] [34mcolcon.colcon_core.package_identification[0m [1;30mLevel 1[0m _identify(src) by extension 'ros'
[0.189s] [34mcolcon.colcon_core.package_identification[0m [1;30mLevel 1[0m _identify(src) by extensions ['cmake', 'python']
[0.189s] [34mcolcon.colcon_core.package_identification[0m [1;30mLevel 1[0m _identify(src) by extension 'cmake'
[0.189s] [34mcolcon.colcon_core.package_identification[0m [1;30mLevel 1[0m _identify(src) by extension 'python'
[0.189s] [34mcolcon.colcon_core.package_identification[0m [1;30mLevel 1[0m _identify(src) by extensions ['python_setup_py']
[0.189s] [34mcolcon.colcon_core.package_identification[0m [1;30mLevel 1[0m _identify(src) by extension 'python_setup_py'
[0.190s] [34mcolcon.colcon_core.package_identification[0m [1;30mLevel 1[0m _identify(src/result_publisher) by extensions ['ignore', 'ignore_ament_install']
[0.190s] [34mcolcon.colcon_core.package_identification[0m [1;30mLevel 1[0m _identify(src/result_publisher) by extension 'ignore'
[0.190s] [34mcolcon.colcon_core.package_identification[0m [1;30mLevel 1[0m _identify(src/result_publisher) by extension 'ignore_ament_install'
[0.190s] [34mcolcon.colcon_core.package_identification[0m [1;30mLevel 1[0m _identify(src/result_publisher) by extensions ['colcon_pkg']
[0.190s] [34mcolcon.colcon_core.package_identification[0m [1;30mLevel 1[0m _identify(src/result_publisher) by extension 'colcon_pkg'
[0.190s] [34mcolcon.colcon_core.package_identification[0m [1;30mLevel 1[0m _identify(src/result_publisher) by extensions ['colcon_meta']
[0.190s] [34mcolcon.colcon_core.package_identification[0m [1;30mLevel 1[0m _identify(src/result_publisher) by extension 'colcon_meta'
[0.190s] [34mcolcon.colcon_core.package_identification[0m [1;30mLevel 1[0m _identify(src/result_publisher) by extensions ['ros']
[0.190s] [34mcolcon.colcon_core.package_identification[0m [1;30mLevel 1[0m _identify(src/result_publisher) by extension 'ros'
[0.193s] [34mcolcon.colcon_core.package_identification[0m [1;30mDEBUG[0m [32mPackage 'src/result_publisher' with type 'ros.ament_python' and name 'result_publisher'[0m
[0.193s] [34mcolcon.colcon_core.package_identification[0m [1;30mLevel 1[0m _identify(src/result_subscriber) by extensions ['ignore', 'ignore_ament_install']
[0.193s] [34mcolcon.colcon_core.package_identification[0m [1;30mLevel 1[0m _identify(src/result_subscriber) by extension 'ignore'
[0.193s] [34mcolcon.colcon_core.package_identification[0m [1;30mLevel 1[0m _identify(src/result_subscriber) by extension 'ignore_ament_install'
[0.193s] [34mcolcon.colcon_core.package_identification[0m [1;30mLevel 1[0m _identify(src/result_subscriber) by extensions ['colcon_pkg']
[0.193s] [34mcolcon.colcon_core.package_identification[0m [1;30mLevel 1[0m _identify(src/result_subscriber) by extension 'colcon_pkg'
[0.193s] [34mcolcon.colcon_core.package_identification[0m [1;30mLevel 1[0m _identify(src/result_subscriber) by extensions ['colcon_meta']
[0.193s] [34mcolcon.colcon_core.package_identification[0m [1;30mLevel 1[0m _identify(src/result_subscriber) by extension 'colcon_meta'
[0.193s] [34mcolcon.colcon_core.package_identification[0m [1;30mLevel 1[0m _identify(src/result_subscriber) by extensions ['ros']
[0.193s] [34mcolcon.colcon_core.package_identification[0m [1;30mLevel 1[0m _identify(src/result_subscriber) by extension 'ros'
[0.194s] [34mcolcon.colcon_core.package_identification[0m [1;30mDEBUG[0m [32mPackage 'src/result_subscriber' with type 'ros.ament_cmake' and name 'result_subscriber'[0m
[0.194s] [34mcolcon.colcon_core.package_discovery[0m [1;30mLevel 1[0m discover_packages(recursive) using defaults
[0.194s] [34mcolcon.colcon_core.package_discovery[0m [1;30mLevel 1[0m discover_packages(ignore) discover
[0.194s] [34mcolcon.colcon_core.package_discovery[0m [1;30mLevel 1[0m discover_packages(ignore) using defaults
[0.194s] [34mcolcon.colcon_core.package_discovery[0m [1;30mLevel 1[0m discover_packages(path) discover
[0.194s] [34mcolcon.colcon_core.package_discovery[0m [1;30mLevel 1[0m discover_packages(path) using defaults
[0.207s] [34mcolcon.colcon_core.package_discovery[0m [1;30mLevel 1[0m discover_packages(prefix_path) check parameters
[0.207s] [34mcolcon.colcon_core.package_discovery[0m [1;30mLevel 1[0m discover_packages(prefix_path) discover
[0.209s] [34mcolcon.colcon_installed_package_information.package_discovery[0m [1;30mDEBUG[0m [32mFound 9 installed packages in /home/hkit/ros2_ws/install[0m
[0.211s] [34mcolcon.colcon_installed_package_information.package_discovery[0m [1;30mDEBUG[0m [32mFound 278 installed packages in /opt/ros/humble[0m
[0.212s] [34mcolcon.colcon_core.package_discovery[0m [1;30mLevel 1[0m discover_packages(prefix_path) using defaults
[0.254s] [34mcolcon.colcon_core.verb[0m [1;30mLevel 5[0m set package 'result_publisher' build argument 'cmake_args' from command line to 'None'
[0.255s] [34mcolcon.colcon_core.verb[0m [1;30mLevel 5[0m set package 'result_publisher' build argument 'cmake_target' from command line to 'None'
[0.255s] [34mcolcon.colcon_core.verb[0m [1;30mLevel 5[0m set package 'result_publisher' build argument 'cmake_target_skip_unavailable' from command line to 'False'
[0.255s] [34mcolcon.colcon_core.verb[0m [1;30mLevel 5[0m set package 'result_publisher' build argument 'cmake_clean_cache' from command line to 'False'
[0.255s] [34mcolcon.colcon_core.verb[0m [1;30mLevel 5[0m set package 'result_publisher' build argument 'cmake_clean_first' from command line to 'False'
[0.255s] [34mcolcon.colcon_core.verb[0m [1;30mLevel 5[0m set package 'result_publisher' build argument 'cmake_force_configure' from command line to 'False'
[0.255s] [34mcolcon.colcon_core.verb[0m [1;30mLevel 5[0m set package 'result_publisher' build argument 'ament_cmake_args' from command line to 'None'
[0.255s] [34mcolcon.colcon_core.verb[0m [1;30mLevel 5[0m set package 'result_publisher' build argument 'catkin_cmake_args' from command line to 'None'
[0.255s] [34mcolcon.colcon_core.verb[0m [1;30mLevel 5[0m set package 'result_publisher' build argument 'catkin_skip_building_tests' from command line to 'False'
[0.255s] [34mcolcon.colcon_core.verb[0m [1;30mDEBUG[0m [32mBuilding package 'result_publisher' with the following arguments: {'ament_cmake_args': None, 'build_base': '/home/hkit/Downloads/test/mediapipe_only/Ros2_ws/build/result_publisher', 'catkin_cmake_args': None, 'catkin_skip_building_tests': False, 'cmake_args': None, 'cmake_clean_cache': False, 'cmake_clean_first': False, 'cmake_force_configure': False, 'cmake_target': None, 'cmake_target_skip_unavailable': False, 'install_base': '/home/hkit/Downloads/test/mediapipe_only/Ros2_ws/install/result_publisher', 'merge_install': False, 'path': '/home/hkit/Downloads/test/mediapipe_only/Ros2_ws/src/result_publisher', 'symlink_install': False, 'test_result_base': None}[0m
[0.255s] [34mcolcon.colcon_core.verb[0m [1;30mLevel 5[0m set package 'result_subscriber' build argument 'cmake_args' from command line to 'None'
[0.255s] [34mcolcon.colcon_core.verb[0m [1;30mLevel 5[0m set package 'result_subscriber' build argument 'cmake_target' from command line to 'None'
[0.255s] [34mcolcon.colcon_core.verb[0m [1;30mLevel 5[0m set package 'result_subscriber' build argument 'cmake_target_skip_unavailable' from command line to 'False'
[0.255s] [34mcolcon.colcon_core.verb[0m [1;30mLevel 5[0m set package 'result_subscriber' build argument 'cmake_clean_cache' from command line to 'False'
[0.255s] [34mcolcon.colcon_core.verb[0m [1;30mLevel 5[0m set package 'result_subscriber' build argument 'cmake_clean_first' from command line to 'False'
[0.255s] [34mcolcon.colcon_core.verb[0m [1;30mLevel 5[0m set package 'result_subscriber' build argument 'cmake_force_configure' from command line to 'False'
[0.255s] [34mcolcon.colcon_core.verb[0m [1;30mLevel 5[0m set package 'result_subscriber' build argument 'ament_cmake_args' from command line to 'None'
[0.255s] [34mcolcon.colcon_core.verb[0m [1;30mLevel 5[0m set package 'result_subscriber' build argument 'catkin_cmake_args' from command line to 'None'
[0.255s] [34mcolcon.colcon_core.verb[0m [1;30mLevel 5[0m set package 'result_subscriber' build argument 'catkin_skip_building_tests' from command line to 'False'
[0.256s] [34mcolcon.colcon_core.verb[0m [1;30mDEBUG[0m [32mBuilding package 'result_subscriber' with the following arguments: {'ament_cmake_args': None, 'build_base': '/home/hkit/Downloads/test/mediapipe_only/Ros2_ws/build/result_subscriber', 'catkin_cmake_args': None, 'catkin_skip_building_tests': False, 'cmake_args': None, 'cmake_clean_cache': False, 'cmake_clean_first': False, 'cmake_force_configure': False, 'cmake_target': None, 'cmake_target_skip_unavailable': False, 'install_base': '/home/hkit/Downloads/test/mediapipe_only/Ros2_ws/install/result_subscriber', 'merge_install': False, 'path': '/home/hkit/Downloads/test/mediapipe_only/Ros2_ws/src/result_subscriber', 'symlink_install': False, 'test_result_base': None}[0m
[0.256s] [34mcolcon.colcon_core.executor[0m [1;30mINFO[0m Executing jobs using 'parallel' executor
[0.257s] [34mcolcon.colcon_parallel_executor.executor.parallel[0m [1;30mDEBUG[0m [32mrun_until_complete[0m
[0.257s] [34mcolcon.colcon_ros.task.ament_python.build[0m [1;30mINFO[0m Building ROS package in '/home/hkit/Downloads/test/mediapipe_only/Ros2_ws/src/result_publisher' with build type 'ament_python'
[0.257s] [34mcolcon.colcon_core.shell[0m [1;30mLevel 1[0m create_environment_hook('result_publisher', 'ament_prefix_path')
[0.259s] [34mcolcon.colcon_core.plugin_system[0m [1;30mINFO[0m Skipping extension 'colcon_core.shell.bat': Not used on non-Windows systems
[0.259s] [34mcolcon.colcon_core.shell[0m [1;30mINFO[0m Creating environment hook '/home/hkit/Downloads/test/mediapipe_only/Ros2_ws/install/result_publisher/share/result_publisher/hook/ament_prefix_path.ps1'
[0.260s] [34mcolcon.colcon_core.shell[0m [1;30mINFO[0m Creating environment descriptor '/home/hkit/Downloads/test/mediapipe_only/Ros2_ws/install/result_publisher/share/result_publisher/hook/ament_prefix_path.dsv'
[0.261s] [34mcolcon.colcon_core.shell[0m [1;30mINFO[0m Creating environment hook '/home/hkit/Downloads/test/mediapipe_only/Ros2_ws/install/result_publisher/share/result_publisher/hook/ament_prefix_path.sh'
[0.261s] [34mcolcon.colcon_core.shell[0m [1;30mINFO[0m Skip shell extension 'powershell' for command environment: Not usable outside of PowerShell
[0.261s] [34mcolcon.colcon_core.shell[0m [1;30mDEBUG[0m [32mSkip shell extension 'dsv' for command environment[0m
[0.266s] [34mcolcon.colcon_ros.task.ament_cmake.build[0m [1;30mINFO[0m Building ROS package in '/home/hkit/Downloads/test/mediapipe_only/Ros2_ws/src/result_subscriber' with build type 'ament_cmake'
[0.266s] [34mcolcon.colcon_cmake.task.cmake.build[0m [1;30mINFO[0m Building CMake package in '/home/hkit/Downloads/test/mediapipe_only/Ros2_ws/src/result_subscriber'
[0.266s] [34mcolcon.colcon_core.shell[0m [1;30mINFO[0m Skip shell extension 'powershell' for command environment: Not usable outside of PowerShell
[0.266s] [34mcolcon.colcon_core.shell[0m [1;30mDEBUG[0m [32mSkip shell extension 'dsv' for command environment[0m
[0.524s] [34mcolcon.colcon_core.task.python.build[0m [1;30mINFO[0m Building Python package in '/home/hkit/Downloads/test/mediapipe_only/Ros2_ws/src/result_publisher'
[0.525s] [34mcolcon.colcon_core.shell[0m [1;30mINFO[0m Skip shell extension 'powershell' for command environment: Not usable outside of PowerShell
[0.525s] [34mcolcon.colcon_core.shell[0m [1;30mDEBUG[0m [32mSkip shell extension 'dsv' for command environment[0m
[0.534s] [34mcolcon.colcon_core.event_handler.log_command[0m [1;30mDEBUG[0m [32mInvoking command in '/home/hkit/Downloads/test/mediapipe_only/Ros2_ws/build/result_subscriber': CMAKE_PREFIX_PATH=${CMAKE_PREFIX_PATH}:/home/hkit/ros2_ws/install/ros_study_py:/home/hkit/ros2_ws/install/ex_calculator_py:/home/hkit/ros2_ws/install/opencv_py:/home/hkit/ros2_ws/install/hangman_game:/opt/ros/humble /usr/bin/cmake --build /home/hkit/Downloads/test/mediapipe_only/Ros2_ws/build/result_subscriber -- -j8 -l8[0m
[1.130s] [34mcolcon.colcon_core.event_handler.log_command[0m [1;30mDEBUG[0m [32mInvoking command in '/home/hkit/Downloads/test/mediapipe_only/Ros2_ws/src/result_publisher': PYTHONPATH=/home/hkit/Downloads/test/mediapipe_only/Ros2_ws/build/result_publisher/prefix_override:/usr/lib/python3/dist-packages/colcon_core/task/python/colcon_distutils_commands:/home/hkit/Downloads/test/mediapipe_only/Ros2_ws/install/result_publisher/lib/python3.10/site-packages:${PYTHONPATH} /usr/bin/python3 -W ignore:setup.py install is deprecated -W ignore:easy_install command is deprecated setup.py egg_info --egg-base ../../build/result_publisher build --build-base /home/hkit/Downloads/test/mediapipe_only/Ros2_ws/build/result_publisher/build install --record /home/hkit/Downloads/test/mediapipe_only/Ros2_ws/build/result_publisher/install.log --single-version-externally-managed install_data[0m
[1.694s] [34mcolcon.colcon_core.event_handler.log_command[0m [1;30mDEBUG[0m [32mInvoked command in '/home/hkit/Downloads/test/mediapipe_only/Ros2_ws/src/result_publisher' returned '0': PYTHONPATH=/home/hkit/Downloads/test/mediapipe_only/Ros2_ws/build/result_publisher/prefix_override:/usr/lib/python3/dist-packages/colcon_core/task/python/colcon_distutils_commands:/home/hkit/Downloads/test/mediapipe_only/Ros2_ws/install/result_publisher/lib/python3.10/site-packages:${PYTHONPATH} /usr/bin/python3 -W ignore:setup.py install is deprecated -W ignore:easy_install command is deprecated setup.py egg_info --egg-base ../../build/result_publisher build --build-base /home/hkit/Downloads/test/mediapipe_only/Ros2_ws/build/result_publisher/build install --record /home/hkit/Downloads/test/mediapipe_only/Ros2_ws/build/result_publisher/install.log --single-version-externally-managed install_data[0m
[1.697s] [34mcolcon.colcon_core.environment[0m [1;30mLevel 1[0m checking '/home/hkit/Downloads/test/mediapipe_only/Ros2_ws/install/result_publisher' for CMake module files
[1.697s] [34mcolcon.colcon_core.environment[0m [1;30mLevel 1[0m checking '/home/hkit/Downloads/test/mediapipe_only/Ros2_ws/install/result_publisher' for CMake config files
[1.698s] [34mcolcon.colcon_core.environment[0m [1;30mLevel 1[0m checking '/home/hkit/Downloads/test/mediapipe_only/Ros2_ws/install/result_publisher/lib'
[1.698s] [34mcolcon.colcon_core.environment[0m [1;30mLevel 1[0m checking '/home/hkit/Downloads/test/mediapipe_only/Ros2_ws/install/result_publisher/bin'
[1.698s] [34mcolcon.colcon_core.environment[0m [1;30mLevel 1[0m checking '/home/hkit/Downloads/test/mediapipe_only/Ros2_ws/install/result_publisher/lib/pkgconfig/result_publisher.pc'
[1.699s] [34mcolcon.colcon_core.environment[0m [1;30mLevel 1[0m checking '/home/hkit/Downloads/test/mediapipe_only/Ros2_ws/install/result_publisher/lib/python3.10/site-packages'
[1.699s] [34mcolcon.colcon_core.shell[0m [1;30mLevel 1[0m create_environment_hook('result_publisher', 'pythonpath')
[1.699s] [34mcolcon.colcon_core.shell[0m [1;30mINFO[0m Creating environment hook '/home/hkit/Downloads/test/mediapipe_only/Ros2_ws/install/result_publisher/share/result_publisher/hook/pythonpath.ps1'
[1.699s] [34mcolcon.colcon_core.shell[0m [1;30mINFO[0m Creating environment descriptor '/home/hkit/Downloads/test/mediapipe_only/Ros2_ws/install/result_publisher/share/result_publisher/hook/pythonpath.dsv'
[1.700s] [34mcolcon.colcon_core.shell[0m [1;30mINFO[0m Creating environment hook '/home/hkit/Downloads/test/mediapipe_only/Ros2_ws/install/result_publisher/share/result_publisher/hook/pythonpath.sh'
[1.700s] [34mcolcon.colcon_core.environment[0m [1;30mLevel 1[0m checking '/home/hkit/Downloads/test/mediapipe_only/Ros2_ws/install/result_publisher/bin'
[1.701s] [34mcolcon.colcon_core.environment[0m [1;30mLevel 1[0m create_environment_scripts_only(result_publisher)
[1.701s] [34mcolcon.colcon_core.shell[0m [1;30mINFO[0m Creating package script '/home/hkit/Downloads/test/mediapipe_only/Ros2_ws/install/result_publisher/share/result_publisher/package.ps1'
[1.702s] [34mcolcon.colcon_core.shell[0m [1;30mINFO[0m Creating package descriptor '/home/hkit/Downloads/test/mediapipe_only/Ros2_ws/install/result_publisher/share/result_publisher/package.dsv'
[1.702s] [34mcolcon.colcon_core.shell[0m [1;30mINFO[0m Creating package script '/home/hkit/Downloads/test/mediapipe_only/Ros2_ws/install/result_publisher/share/result_publisher/package.sh'
[1.703s] [34mcolcon.colcon_core.shell[0m [1;30mINFO[0m Creating package script '/home/hkit/Downloads/test/mediapipe_only/Ros2_ws/install/result_publisher/share/result_publisher/package.bash'
[1.704s] [34mcolcon.colcon_core.shell[0m [1;30mINFO[0m Creating package script '/home/hkit/Downloads/test/mediapipe_only/Ros2_ws/install/result_publisher/share/result_publisher/package.zsh'
[1.704s] [34mcolcon.colcon_core.environment[0m [1;30mLevel 1[0m create_file_with_runtime_dependencies(/home/hkit/Downloads/test/mediapipe_only/Ros2_ws/install/result_publisher/share/colcon-core/packages/result_publisher)
[11.535s] [34mcolcon.colcon_core.event_handler.log_command[0m [1;30mDEBUG[0m [32mInvoked command in '/home/hkit/Downloads/test/mediapipe_only/Ros2_ws/build/result_subscriber' returned '0': CMAKE_PREFIX_PATH=${CMAKE_PREFIX_PATH}:/home/hkit/ros2_ws/install/ros_study_py:/home/hkit/ros2_ws/install/ex_calculator_py:/home/hkit/ros2_ws/install/opencv_py:/home/hkit/ros2_ws/install/hangman_game:/opt/ros/humble /usr/bin/cmake --build /home/hkit/Downloads/test/mediapipe_only/Ros2_ws/build/result_subscriber -- -j8 -l8[0m
[11.552s] [34mcolcon.colcon_core.event_handler.log_command[0m [1;30mDEBUG[0m [32mInvoking command in '/home/hkit/Downloads/test/mediapipe_only/Ros2_ws/build/result_subscriber': CMAKE_PREFIX_PATH=${CMAKE_PREFIX_PATH}:/home/hkit/ros2_ws/install/ros_study_py:/home/hkit/ros2_ws/install/ex_calculator_py:/home/hkit/ros2_ws/install/opencv_py:/home/hkit/ros2_ws/install/hangman_game:/opt/ros/humble /usr/bin/cmake --install /home/hkit/Downloads/test/mediapipe_only/Ros2_ws/build/result_subscriber[0m
[11.572s] [34mcolcon.colcon_core.environment[0m [1;30mLevel 1[0m create_environment_scripts_only(result_subscriber)
[11.573s] [34mcolcon.colcon_core.environment[0m [1;30mLevel 1[0m checking '/home/hkit/Downloads/test/mediapipe_only/Ros2_ws/install/result_subscriber' for CMake module files
[11.573s] [34mcolcon.colcon_core.event_handler.log_command[0m [1;30mDEBUG[0m [32mInvoked command in '/home/hkit/Downloads/test/mediapipe_only/Ros2_ws/build/result_subscriber' returned '0': CMAKE_PREFIX_PATH=${CMAKE_PREFIX_PATH}:/home/hkit/ros2_ws/install/ros_study_py:/home/hkit/ros2_ws/install/ex_calculator_py:/home/hkit/ros2_ws/install/opencv_py:/home/hkit/ros2_ws/install/hangman_game:/opt/ros/humble /usr/bin/cmake --install /home/hkit/Downloads/test/mediapipe_only/Ros2_ws/build/result_subscriber[0m
[11.573s] [34mcolcon.colcon_core.environment[0m [1;30mLevel 1[0m checking '/home/hkit/Downloads/test/mediapipe_only/Ros2_ws/install/result_subscriber' for CMake config files
[11.574s] [34mcolcon.colcon_core.shell[0m [1;30mLevel 1[0m create_environment_hook('result_subscriber', 'cmake_prefix_path')
[11.574s] [34mcolcon.colcon_core.shell[0m [1;30mINFO[0m Creating environment hook '/home/hkit/Downloads/test/mediapipe_only/Ros2_ws/install/result_subscriber/share/result_subscriber/hook/cmake_prefix_path.ps1'
[11.574s] [34mcolcon.colcon_core.shell[0m [1;30mINFO[0m Creating environment descriptor '/home/hkit/Downloads/test/mediapipe_only/Ros2_ws/install/result_subscriber/share/result_subscriber/hook/cmake_prefix_path.dsv'
[11.575s] [34mcolcon.colcon_core.shell[0m [1;30mINFO[0m Creating environment hook '/home/hkit/Downloads/test/mediapipe_only/Ros2_ws/install/result_subscriber/share/result_subscriber/hook/cmake_prefix_path.sh'
[11.575s] [34mcolcon.colcon_core.environment[0m [1;30mLevel 1[0m checking '/home/hkit/Downloads/test/mediapipe_only/Ros2_ws/install/result_subscriber/lib'
[11.575s] [34mcolcon.colcon_core.environment[0m [1;30mLevel 1[0m checking '/home/hkit/Downloads/test/mediapipe_only/Ros2_ws/install/result_subscriber/bin'
[11.575s] [34mcolcon.colcon_core.environment[0m [1;30mLevel 1[0m checking '/home/hkit/Downloads/test/mediapipe_only/Ros2_ws/install/result_subscriber/lib/pkgconfig/result_subscriber.pc'
[11.576s] [34mcolcon.colcon_core.environment[0m [1;30mLevel 1[0m checking '/home/hkit/Downloads/test/mediapipe_only/Ros2_ws/install/result_subscriber/lib/python3.10/site-packages'
[11.576s] [34mcolcon.colcon_core.environment[0m [1;30mLevel 1[0m checking '/home/hkit/Downloads/test/mediapipe_only/Ros2_ws/install/result_subscriber/bin'
[11.576s] [34mcolcon.colcon_core.shell[0m [1;30mINFO[0m Creating package script '/home/hkit/Downloads/test/mediapipe_only/Ros2_ws/install/result_subscriber/share/result_subscriber/package.ps1'
[11.577s] [34mcolcon.colcon_core.shell[0m [1;30mINFO[0m Creating package descriptor '/home/hkit/Downloads/test/mediapipe_only/Ros2_ws/install/result_subscriber/share/result_subscriber/package.dsv'
[11.577s] [34mcolcon.colcon_core.shell[0m [1;30mINFO[0m Creating package script '/home/hkit/Downloads/test/mediapipe_only/Ros2_ws/install/result_subscriber/share/result_subscriber/package.sh'
[11.577s] [34mcolcon.colcon_core.shell[0m [1;30mINFO[0m Creating package script '/home/hkit/Downloads/test/mediapipe_only/Ros2_ws/install/result_subscriber/share/result_subscriber/package.bash'
[11.578s] [34mcolcon.colcon_core.shell[0m [1;30mINFO[0m Creating package script '/home/hkit/Downloads/test/mediapipe_only/Ros2_ws/install/result_subscriber/share/result_subscriber/package.zsh'
[11.578s] [34mcolcon.colcon_core.environment[0m [1;30mLevel 1[0m create_file_with_runtime_dependencies(/home/hkit/Downloads/test/mediapipe_only/Ros2_ws/install/result_subscriber/share/colcon-core/packages/result_subscriber)
[11.578s] [34mcolcon.colcon_core.environment[0m [1;30mLevel 1[0m create_environment_scripts_only(result_subscriber)
[11.579s] [34mcolcon.colcon_core.environment[0m [1;30mLevel 1[0m checking '/home/hkit/Downloads/test/mediapipe_only/Ros2_ws/install/result_subscriber' for CMake module files
[11.579s] [34mcolcon.colcon_core.environment[0m [1;30mLevel 1[0m checking '/home/hkit/Downloads/test/mediapipe_only/Ros2_ws/install/result_subscriber' for CMake config files
[11.579s] [34mcolcon.colcon_core.shell[0m [1;30mLevel 1[0m create_environment_hook('result_subscriber', 'cmake_prefix_path')
[11.580s] [34mcolcon.colcon_core.shell[0m [1;30mINFO[0m Creating environment hook '/home/hkit/Downloads/test/mediapipe_only/Ros2_ws/install/result_subscriber/share/result_subscriber/hook/cmake_prefix_path.ps1'
[11.580s] [34mcolcon.colcon_core.shell[0m [1;30mINFO[0m Creating environment descriptor '/home/hkit/Downloads/test/mediapipe_only/Ros2_ws/install/result_subscriber/share/result_subscriber/hook/cmake_prefix_path.dsv'
[11.580s] [34mcolcon.colcon_core.shell[0m [1;30mINFO[0m Creating environment hook '/home/hkit/Downloads/test/mediapipe_only/Ros2_ws/install/result_subscriber/share/result_subscriber/hook/cmake_prefix_path.sh'
[11.581s] [34mcolcon.colcon_core.environment[0m [1;30mLevel 1[0m checking '/home/hkit/Downloads/test/mediapipe_only/Ros2_ws/install/result_subscriber/lib'
[11.581s] [34mcolcon.colcon_core.environment[0m [1;30mLevel 1[0m checking '/home/hkit/Downloads/test/mediapipe_only/Ros2_ws/install/result_subscriber/bin'
[11.581s] [34mcolcon.colcon_core.environment[0m [1;30mLevel 1[0m checking '/home/hkit/Downloads/test/mediapipe_only/Ros2_ws/install/result_subscriber/lib/pkgconfig/result_subscriber.pc'
[11.581s] [34mcolcon.colcon_core.environment[0m [1;30mLevel 1[0m checking '/home/hkit/Downloads/test/mediapipe_only/Ros2_ws/install/result_subscriber/lib/python3.10/site-packages'
[11.581s] [34mcolcon.colcon_core.environment[0m [1;30mLevel 1[0m checking '/home/hkit/Downloads/test/mediapipe_only/Ros2_ws/install/result_subscriber/bin'
[11.582s] [34mcolcon.colcon_core.shell[0m [1;30mINFO[0m Creating package script '/home/hkit/Downloads/test/mediapipe_only/Ros2_ws/install/result_subscriber/share/result_subscriber/package.ps1'
[11.582s] [34mcolcon.colcon_core.shell[0m [1;30mINFO[0m Creating package descriptor '/home/hkit/Downloads/test/mediapipe_only/Ros2_ws/install/result_subscriber/share/result_subscriber/package.dsv'
[11.582s] [34mcolcon.colcon_core.shell[0m [1;30mINFO[0m Creating package script '/home/hkit/Downloads/test/mediapipe_only/Ros2_ws/install/result_subscriber/share/result_subscriber/package.sh'
[11.583s] [34mcolcon.colcon_core.shell[0m [1;30mINFO[0m Creating package script '/home/hkit/Downloads/test/mediapipe_only/Ros2_ws/install/result_subscriber/share/result_subscriber/package.bash'
[11.583s] [34mcolcon.colcon_core.shell[0m [1;30mINFO[0m Creating package script '/home/hkit/Downloads/test/mediapipe_only/Ros2_ws/install/result_subscriber/share/result_subscriber/package.zsh'
[11.584s] [34mcolcon.colcon_core.environment[0m [1;30mLevel 1[0m create_file_with_runtime_dependencies(/home/hkit/Downloads/test/mediapipe_only/Ros2_ws/install/result_subscriber/share/colcon-core/packages/result_subscriber)
[11.584s] [34mcolcon.colcon_parallel_executor.executor.parallel[0m [1;30mDEBUG[0m [32mclosing loop[0m
[11.584s] [34mcolcon.colcon_parallel_executor.executor.parallel[0m [1;30mDEBUG[0m [32mloop closed[0m
[11.584s] [34mcolcon.colcon_parallel_executor.executor.parallel[0m [1;30mDEBUG[0m [32mrun_until_complete finished with '0'[0m
[11.584s] [34mcolcon.colcon_core.event_reactor[0m [1;30mDEBUG[0m [32mjoining thread[0m
[11.590s] [34mcolcon.colcon_core.plugin_system[0m [1;30mINFO[0m Skipping extension 'colcon_notification.desktop_notification.terminal_notifier': Not used on non-Darwin systems
[11.590s] [34mcolcon.colcon_core.plugin_system[0m [1;30mINFO[0m Skipping extension 'colcon_notification.desktop_notification.win32': Not used on non-Windows systems
[11.590s] [34mcolcon.colcon_notification.desktop_notification[0m [1;30mINFO[0m Sending desktop notification using 'notify2'
[11.603s] [34mcolcon.colcon_core.event_reactor[0m [1;30mDEBUG[0m [32mjoined thread[0m
[11.603s] [34mcolcon.colcon_core.shell[0m [1;30mINFO[0m Creating prefix script '/home/hkit/Downloads/test/mediapipe_only/Ros2_ws/install/local_setup.ps1'
[11.604s] [34mcolcon.colcon_core.shell[0m [1;30mINFO[0m Creating prefix util module '/home/hkit/Downloads/test/mediapipe_only/Ros2_ws/install/_local_setup_util_ps1.py'
[11.606s] [34mcolcon.colcon_core.shell[0m [1;30mINFO[0m Creating prefix chain script '/home/hkit/Downloads/test/mediapipe_only/Ros2_ws/install/setup.ps1'
[11.607s] [34mcolcon.colcon_core.shell[0m [1;30mINFO[0m Creating prefix script '/home/hkit/Downloads/test/mediapipe_only/Ros2_ws/install/local_setup.sh'
[11.608s] [34mcolcon.colcon_core.shell[0m [1;30mINFO[0m Creating prefix util module '/home/hkit/Downloads/test/mediapipe_only/Ros2_ws/install/_local_setup_util_sh.py'
[11.609s] [34mcolcon.colcon_core.shell[0m [1;30mINFO[0m Creating prefix chain script '/home/hkit/Downloads/test/mediapipe_only/Ros2_ws/install/setup.sh'
[11.612s] [34mcolcon.colcon_core.shell[0m [1;30mINFO[0m Creating prefix script '/home/hkit/Downloads/test/mediapipe_only/Ros2_ws/install/local_setup.bash'
[11.612s] [34mcolcon.colcon_core.shell[0m [1;30mINFO[0m Creating prefix chain script '/home/hkit/Downloads/test/mediapipe_only/Ros2_ws/install/setup.bash'
[11.614s] [34mcolcon.colcon_core.shell[0m [1;30mINFO[0m Creating prefix script '/home/hkit/Downloads/test/mediapipe_only/Ros2_ws/install/local_setup.zsh'
[11.614s] [34mcolcon.colcon_core.shell[0m [1;30mINFO[0m Creating prefix chain script '/home/hkit/Downloads/test/mediapipe_only/Ros2_ws/install/setup.zsh'
