/home/hkit/.local/lib/python3.10/site-packages/setuptools/_distutils/dist.py:289: UserWarning: Unknown distribution option: 'tests_require'
  warnings.warn(msg)
running egg_info
writing ../../build/result_publisher/result_publisher.egg-info/PKG-INFO
writing dependency_links to ../../build/result_publisher/result_publisher.egg-info/dependency_links.txt
writing entry points to ../../build/result_publisher/result_publisher.egg-info/entry_points.txt
writing requirements to ../../build/result_publisher/result_publisher.egg-info/requires.txt
writing top-level names to ../../build/result_publisher/result_publisher.egg-info/top_level.txt
reading manifest file '../../build/result_publisher/result_publisher.egg-info/SOURCES.txt'
writing manifest file '../../build/result_publisher/result_publisher.egg-info/SOURCES.txt'
running build
running build_py
copying result_publisher/__init__.py -> /home/hkit/Downloads/test/mediapipe_only/Ros2_ws/build/result_publisher/build/lib/result_publisher
copying result_publisher/publisher_node.py -> /home/hkit/Downloads/test/mediapipe_only/Ros2_ws/build/result_publisher/build/lib/result_publisher
running install
running install_lib
copying /home/hkit/Downloads/test/mediapipe_only/Ros2_ws/build/result_publisher/build/lib/result_publisher/publisher_node.py -> /home/hkit/Downloads/test/mediapipe_only/Ros2_ws/install/result_publisher/lib/python3.10/site-packages/result_publisher
byte-compiling /home/hkit/Downloads/test/mediapipe_only/Ros2_ws/install/result_publisher/lib/python3.10/site-packages/result_publisher/publisher_node.py to publisher_node.cpython-310.pyc
running install_data
copying resource/result_publisher -> /home/hkit/Downloads/test/mediapipe_only/Ros2_ws/install/result_publisher/share/ament_index/resource_index/packages
copying package.xml -> /home/hkit/Downloads/test/mediapipe_only/Ros2_ws/install/result_publisher/share/result_publisher
running install_egg_info
removing '/home/hkit/Downloads/test/mediapipe_only/Ros2_ws/install/result_publisher/lib/python3.10/site-packages/result_publisher-0.0.0-py3.10.egg-info' (and everything under it)
Copying ../../build/result_publisher/result_publisher.egg-info to /home/hkit/Downloads/test/mediapipe_only/Ros2_ws/install/result_publisher/lib/python3.10/site-packages/result_publisher-0.0.0-py3.10.egg-info
running install_scripts
Installing result_publisher script to /home/hkit/Downloads/test/mediapipe_only/Ros2_ws/install/result_publisher/lib/result_publisher
writing list of installed files to '/home/hkit/Downloads/test/mediapipe_only/Ros2_ws/build/result_publisher/install.log'
