[0.184s] [34mcolcon[0m [1;30mDEBUG[0m [32mCommand line arguments: ['/usr/bin/colcon', 'build'][0m
[0.184s] [34mcolcon[0m [1;30mDEBUG[0m [32mParsed command line arguments: Namespace(log_base=None, log_level=None, verb_name='build', build_base='build', install_base='install', merge_install=False, symlink_install=False, test_result_base=None, continue_on_error=False, executor='parallel', parallel_workers=8, event_handlers=None, ignore_user_meta=False, metas=['./colcon.meta'], base_paths=['.'], packages_ignore=None, packages_ignore_regex=None, paths=None, packages_up_to=None, packages_up_to_regex=None, packages_above=None, packages_above_and_dependencies=None, packages_above_depth=None, packages_select_by_dep=None, packages_skip_by_dep=None, packages_skip_up_to=None, packages_select_build_failed=False, packages_skip_build_finished=False, packages_select_test_failures=False, packages_skip_test_passed=False, packages_select=None, packages_skip=None, packages_select_regex=None, packages_skip_regex=None, packages_start=None, packages_end=None, allow_overriding=[], cmake_args=None, cmake_target=None, cmake_target_skip_unavailable=False, cmake_clean_cache=False, cmake_clean_first=False, cmake_force_configure=False, ament_cmake_args=None, catkin_cmake_args=None, catkin_skip_building_tests=False, verb_parser=<colcon_defaults.argument_parser.defaults.DefaultArgumentsDecorator object at 0x77dad5ba1de0>, verb_extension=<colcon_core.verb.build.BuildVerb object at 0x77dad5ba17b0>, main=<bound method BuildVerb.main of <colcon_core.verb.build.BuildVerb object at 0x77dad5ba17b0>>)[0m
[0.230s] [34mcolcon.colcon_core.package_discovery[0m [1;30mLevel 1[0m discover_packages(colcon_meta) check parameters
[0.230s] [34mcolcon.colcon_core.package_discovery[0m [1;30mLevel 1[0m discover_packages(recursive) check parameters
[0.230s] [34mcolcon.colcon_core.package_discovery[0m [1;30mLevel 1[0m discover_packages(ignore) check parameters
[0.230s] [34mcolcon.colcon_core.package_discovery[0m [1;30mLevel 1[0m discover_packages(path) check parameters
[0.230s] [34mcolcon.colcon_core.package_discovery[0m [1;30mLevel 1[0m discover_packages(colcon_meta) discover
[0.230s] [34mcolcon.colcon_core.package_discovery[0m [1;30mLevel 1[0m discover_packages(recursive) discover
[0.230s] [34mcolcon.colcon_core.package_discovery[0m [1;30mINFO[0m Crawling recursively for packages in '/home/hkit/Downloads/test/mediapipe_only/Ros2_ws'
[0.230s] [34mcolcon.colcon_core.package_identification[0m [1;30mLevel 1[0m _identify(.) by extensions ['ignore', 'ignore_ament_install']
[0.230s] [34mcolcon.colcon_core.package_identification[0m [1;30mLevel 1[0m _identify(.) by extension 'ignore'
[0.230s] [34mcolcon.colcon_core.package_identification[0m [1;30mLevel 1[0m _identify(.) by extension 'ignore_ament_install'
[0.230s] [34mcolcon.colcon_core.package_identification[0m [1;30mLevel 1[0m _identify(.) by extensions ['colcon_pkg']
[0.230s] [34mcolcon.colcon_core.package_identification[0m [1;30mLevel 1[0m _identify(.) by extension 'colcon_pkg'
[0.231s] [34mcolcon.colcon_core.package_identification[0m [1;30mLevel 1[0m _identify(.) by extensions ['colcon_meta']
[0.231s] [34mcolcon.colcon_core.package_identification[0m [1;30mLevel 1[0m _identify(.) by extension 'colcon_meta'
[0.231s] [34mcolcon.colcon_core.package_identification[0m [1;30mLevel 1[0m _identify(.) by extensions ['ros']
[0.231s] [34mcolcon.colcon_core.package_identification[0m [1;30mLevel 1[0m _identify(.) by extension 'ros'
[0.249s] [34mcolcon.colcon_core.package_identification[0m [1;30mLevel 1[0m _identify(.) by extensions ['cmake', 'python']
[0.249s] [34mcolcon.colcon_core.package_identification[0m [1;30mLevel 1[0m _identify(.) by extension 'cmake'
[0.250s] [34mcolcon.colcon_core.package_identification[0m [1;30mLevel 1[0m _identify(.) by extension 'python'
[0.250s] [34mcolcon.colcon_core.package_identification[0m [1;30mLevel 1[0m _identify(.) by extensions ['python_setup_py']
[0.250s] [34mcolcon.colcon_core.package_identification[0m [1;30mLevel 1[0m _identify(.) by extension 'python_setup_py'
[0.250s] [34mcolcon.colcon_core.package_identification[0m [1;30mLevel 1[0m _identify(build) by extensions ['ignore', 'ignore_ament_install']
[0.250s] [34mcolcon.colcon_core.package_identification[0m [1;30mLevel 1[0m _identify(build) by extension 'ignore'
[0.250s] [34mcolcon.colcon_core.package_identification[0m [1;30mLevel 1[0m _identify(build) ignored
[0.250s] [34mcolcon.colcon_core.package_identification[0m [1;30mLevel 1[0m _identify(install) by extensions ['ignore', 'ignore_ament_install']
[0.250s] [34mcolcon.colcon_core.package_identification[0m [1;30mLevel 1[0m _identify(install) by extension 'ignore'
[0.250s] [34mcolcon.colcon_core.package_identification[0m [1;30mLevel 1[0m _identify(install) ignored
[0.250s] [34mcolcon.colcon_core.package_identification[0m [1;30mLevel 1[0m _identify(log) by extensions ['ignore', 'ignore_ament_install']
[0.250s] [34mcolcon.colcon_core.package_identification[0m [1;30mLevel 1[0m _identify(log) by extension 'ignore'
[0.250s] [34mcolcon.colcon_core.package_identification[0m [1;30mLevel 1[0m _identify(log) ignored
[0.251s] [34mcolcon.colcon_core.package_identification[0m [1;30mLevel 1[0m _identify(src) by extensions ['ignore', 'ignore_ament_install']
[0.251s] [34mcolcon.colcon_core.package_identification[0m [1;30mLevel 1[0m _identify(src) by extension 'ignore'
[0.251s] [34mcolcon.colcon_core.package_identification[0m [1;30mLevel 1[0m _identify(src) by extension 'ignore_ament_install'
[0.251s] [34mcolcon.colcon_core.package_identification[0m [1;30mLevel 1[0m _identify(src) by extensions ['colcon_pkg']
[0.251s] [34mcolcon.colcon_core.package_identification[0m [1;30mLevel 1[0m _identify(src) by extension 'colcon_pkg'
[0.251s] [34mcolcon.colcon_core.package_identification[0m [1;30mLevel 1[0m _identify(src) by extensions ['colcon_meta']
[0.251s] [34mcolcon.colcon_core.package_identification[0m [1;30mLevel 1[0m _identify(src) by extension 'colcon_meta'
[0.251s] [34mcolcon.colcon_core.package_identification[0m [1;30mLevel 1[0m _identify(src) by extensions ['ros']
[0.251s] [34mcolcon.colcon_core.package_identification[0m [1;30mLevel 1[0m _identify(src) by extension 'ros'
[0.251s] [34mcolcon.colcon_core.package_identification[0m [1;30mLevel 1[0m _identify(src) by extensions ['cmake', 'python']
[0.251s] [34mcolcon.colcon_core.package_identification[0m [1;30mLevel 1[0m _identify(src) by extension 'cmake'
[0.251s] [34mcolcon.colcon_core.package_identification[0m [1;30mLevel 1[0m _identify(src) by extension 'python'
[0.251s] [34mcolcon.colcon_core.package_identification[0m [1;30mLevel 1[0m _identify(src) by extensions ['python_setup_py']
[0.251s] [34mcolcon.colcon_core.package_identification[0m [1;30mLevel 1[0m _identify(src) by extension 'python_setup_py'
[0.251s] [34mcolcon.colcon_core.package_identification[0m [1;30mLevel 1[0m _identify(src/result_publisher) by extensions ['ignore', 'ignore_ament_install']
[0.251s] [34mcolcon.colcon_core.package_identification[0m [1;30mLevel 1[0m _identify(src/result_publisher) by extension 'ignore'
[0.251s] [34mcolcon.colcon_core.package_identification[0m [1;30mLevel 1[0m _identify(src/result_publisher) by extension 'ignore_ament_install'
[0.251s] [34mcolcon.colcon_core.package_identification[0m [1;30mLevel 1[0m _identify(src/result_publisher) by extensions ['colcon_pkg']
[0.252s] [34mcolcon.colcon_core.package_identification[0m [1;30mLevel 1[0m _identify(src/result_publisher) by extension 'colcon_pkg'
[0.252s] [34mcolcon.colcon_core.package_identification[0m [1;30mLevel 1[0m _identify(src/result_publisher) by extensions ['colcon_meta']
[0.252s] [34mcolcon.colcon_core.package_identification[0m [1;30mLevel 1[0m _identify(src/result_publisher) by extension 'colcon_meta'
[0.252s] [34mcolcon.colcon_core.package_identification[0m [1;30mLevel 1[0m _identify(src/result_publisher) by extensions ['ros']
[0.252s] [34mcolcon.colcon_core.package_identification[0m [1;30mLevel 1[0m _identify(src/result_publisher) by extension 'ros'
[0.257s] [34mcolcon.colcon_core.package_identification[0m [1;30mDEBUG[0m [32mPackage 'src/result_publisher' with type 'ros.ament_python' and name 'result_publisher'[0m
[0.257s] [34mcolcon.colcon_core.package_identification[0m [1;30mLevel 1[0m _identify(src/result_subscriber) by extensions ['ignore', 'ignore_ament_install']
[0.257s] [34mcolcon.colcon_core.package_identification[0m [1;30mLevel 1[0m _identify(src/result_subscriber) by extension 'ignore'
[0.257s] [34mcolcon.colcon_core.package_identification[0m [1;30mLevel 1[0m _identify(src/result_subscriber) by extension 'ignore_ament_install'
[0.257s] [34mcolcon.colcon_core.package_identification[0m [1;30mLevel 1[0m _identify(src/result_subscriber) by extensions ['colcon_pkg']
[0.258s] [34mcolcon.colcon_core.package_identification[0m [1;30mLevel 1[0m _identify(src/result_subscriber) by extension 'colcon_pkg'
[0.258s] [34mcolcon.colcon_core.package_identification[0m [1;30mLevel 1[0m _identify(src/result_subscriber) by extensions ['colcon_meta']
[0.258s] [34mcolcon.colcon_core.package_identification[0m [1;30mLevel 1[0m _identify(src/result_subscriber) by extension 'colcon_meta'
[0.258s] [34mcolcon.colcon_core.package_identification[0m [1;30mLevel 1[0m _identify(src/result_subscriber) by extensions ['ros']
[0.258s] [34mcolcon.colcon_core.package_identification[0m [1;30mLevel 1[0m _identify(src/result_subscriber) by extension 'ros'
[0.259s] [34mcolcon.colcon_core.package_identification[0m [1;30mDEBUG[0m [32mPackage 'src/result_subscriber' with type 'ros.ament_cmake' and name 'result_subscriber'[0m
[0.259s] [34mcolcon.colcon_core.package_discovery[0m [1;30mLevel 1[0m discover_packages(recursive) using defaults
[0.259s] [34mcolcon.colcon_core.package_discovery[0m [1;30mLevel 1[0m discover_packages(ignore) discover
[0.259s] [34mcolcon.colcon_core.package_discovery[0m [1;30mLevel 1[0m discover_packages(ignore) using defaults
[0.259s] [34mcolcon.colcon_core.package_discovery[0m [1;30mLevel 1[0m discover_packages(path) discover
[0.259s] [34mcolcon.colcon_core.package_discovery[0m [1;30mLevel 1[0m discover_packages(path) using defaults
[0.279s] [34mcolcon.colcon_core.package_discovery[0m [1;30mLevel 1[0m discover_packages(prefix_path) check parameters
[0.279s] [34mcolcon.colcon_core.package_discovery[0m [1;30mLevel 1[0m discover_packages(prefix_path) discover
[0.282s] [34mcolcon.colcon_installed_package_information.package_discovery[0m [1;30mDEBUG[0m [32mFound 2 installed packages in /home/hkit/Downloads/test/mediapipe_only/Ros2_ws/install[0m
[0.282s] [34mcolcon.colcon_installed_package_information.package_discovery[0m [1;30mDEBUG[0m [32mFound 9 installed packages in /home/hkit/ros2_ws/install[0m
[0.284s] [34mcolcon.colcon_installed_package_information.package_discovery[0m [1;30mDEBUG[0m [32mFound 278 installed packages in /opt/ros/humble[0m
[0.285s] [34mcolcon.colcon_core.package_discovery[0m [1;30mLevel 1[0m discover_packages(prefix_path) using defaults
[0.352s] [34mcolcon.colcon_core.verb[0m [1;30mLevel 5[0m set package 'result_publisher' build argument 'cmake_args' from command line to 'None'
[0.352s] [34mcolcon.colcon_core.verb[0m [1;30mLevel 5[0m set package 'result_publisher' build argument 'cmake_target' from command line to 'None'
[0.352s] [34mcolcon.colcon_core.verb[0m [1;30mLevel 5[0m set package 'result_publisher' build argument 'cmake_target_skip_unavailable' from command line to 'False'
[0.352s] [34mcolcon.colcon_core.verb[0m [1;30mLevel 5[0m set package 'result_publisher' build argument 'cmake_clean_cache' from command line to 'False'
[0.352s] [34mcolcon.colcon_core.verb[0m [1;30mLevel 5[0m set package 'result_publisher' build argument 'cmake_clean_first' from command line to 'False'
[0.352s] [34mcolcon.colcon_core.verb[0m [1;30mLevel 5[0m set package 'result_publisher' build argument 'cmake_force_configure' from command line to 'False'
[0.352s] [34mcolcon.colcon_core.verb[0m [1;30mLevel 5[0m set package 'result_publisher' build argument 'ament_cmake_args' from command line to 'None'
[0.352s] [34mcolcon.colcon_core.verb[0m [1;30mLevel 5[0m set package 'result_publisher' build argument 'catkin_cmake_args' from command line to 'None'
[0.352s] [34mcolcon.colcon_core.verb[0m [1;30mLevel 5[0m set package 'result_publisher' build argument 'catkin_skip_building_tests' from command line to 'False'
[0.352s] [34mcolcon.colcon_core.verb[0m [1;30mDEBUG[0m [32mBuilding package 'result_publisher' with the following arguments: {'ament_cmake_args': None, 'build_base': '/home/hkit/Downloads/test/mediapipe_only/Ros2_ws/build/result_publisher', 'catkin_cmake_args': None, 'catkin_skip_building_tests': False, 'cmake_args': None, 'cmake_clean_cache': False, 'cmake_clean_first': False, 'cmake_force_configure': False, 'cmake_target': None, 'cmake_target_skip_unavailable': False, 'install_base': '/home/hkit/Downloads/test/mediapipe_only/Ros2_ws/install/result_publisher', 'merge_install': False, 'path': '/home/hkit/Downloads/test/mediapipe_only/Ros2_ws/src/result_publisher', 'symlink_install': False, 'test_result_base': None}[0m
[0.353s] [34mcolcon.colcon_core.verb[0m [1;30mLevel 5[0m set package 'result_subscriber' build argument 'cmake_args' from command line to 'None'
[0.353s] [34mcolcon.colcon_core.verb[0m [1;30mLevel 5[0m set package 'result_subscriber' build argument 'cmake_target' from command line to 'None'
[0.353s] [34mcolcon.colcon_core.verb[0m [1;30mLevel 5[0m set package 'result_subscriber' build argument 'cmake_target_skip_unavailable' from command line to 'False'
[0.353s] [34mcolcon.colcon_core.verb[0m [1;30mLevel 5[0m set package 'result_subscriber' build argument 'cmake_clean_cache' from command line to 'False'
[0.353s] [34mcolcon.colcon_core.verb[0m [1;30mLevel 5[0m set package 'result_subscriber' build argument 'cmake_clean_first' from command line to 'False'
[0.353s] [34mcolcon.colcon_core.verb[0m [1;30mLevel 5[0m set package 'result_subscriber' build argument 'cmake_force_configure' from command line to 'False'
[0.353s] [34mcolcon.colcon_core.verb[0m [1;30mLevel 5[0m set package 'result_subscriber' build argument 'ament_cmake_args' from command line to 'None'
[0.353s] [34mcolcon.colcon_core.verb[0m [1;30mLevel 5[0m set package 'result_subscriber' build argument 'catkin_cmake_args' from command line to 'None'
[0.353s] [34mcolcon.colcon_core.verb[0m [1;30mLevel 5[0m set package 'result_subscriber' build argument 'catkin_skip_building_tests' from command line to 'False'
[0.353s] [34mcolcon.colcon_core.verb[0m [1;30mDEBUG[0m [32mBuilding package 'result_subscriber' with the following arguments: {'ament_cmake_args': None, 'build_base': '/home/hkit/Downloads/test/mediapipe_only/Ros2_ws/build/result_subscriber', 'catkin_cmake_args': None, 'catkin_skip_building_tests': False, 'cmake_args': None, 'cmake_clean_cache': False, 'cmake_clean_first': False, 'cmake_force_configure': False, 'cmake_target': None, 'cmake_target_skip_unavailable': False, 'install_base': '/home/hkit/Downloads/test/mediapipe_only/Ros2_ws/install/result_subscriber', 'merge_install': False, 'path': '/home/hkit/Downloads/test/mediapipe_only/Ros2_ws/src/result_subscriber', 'symlink_install': False, 'test_result_base': None}[0m
[0.354s] [34mcolcon.colcon_core.executor[0m [1;30mINFO[0m Executing jobs using 'parallel' executor
[0.355s] [34mcolcon.colcon_parallel_executor.executor.parallel[0m [1;30mDEBUG[0m [32mrun_until_complete[0m
[0.356s] [34mcolcon.colcon_ros.task.ament_python.build[0m [1;30mINFO[0m Building ROS package in '/home/hkit/Downloads/test/mediapipe_only/Ros2_ws/src/result_publisher' with build type 'ament_python'
[0.356s] [34mcolcon.colcon_core.shell[0m [1;30mLevel 1[0m create_environment_hook('result_publisher', 'ament_prefix_path')
[0.360s] [34mcolcon.colcon_core.plugin_system[0m [1;30mINFO[0m Skipping extension 'colcon_core.shell.bat': Not used on non-Windows systems
[0.361s] [34mcolcon.colcon_core.shell[0m [1;30mINFO[0m Creating environment hook '/home/hkit/Downloads/test/mediapipe_only/Ros2_ws/install/result_publisher/share/result_publisher/hook/ament_prefix_path.ps1'
[0.363s] [34mcolcon.colcon_core.shell[0m [1;30mINFO[0m Creating environment descriptor '/home/hkit/Downloads/test/mediapipe_only/Ros2_ws/install/result_publisher/share/result_publisher/hook/ament_prefix_path.dsv'
[0.363s] [34mcolcon.colcon_core.shell[0m [1;30mINFO[0m Creating environment hook '/home/hkit/Downloads/test/mediapipe_only/Ros2_ws/install/result_publisher/share/result_publisher/hook/ament_prefix_path.sh'
[0.364s] [34mcolcon.colcon_core.shell[0m [1;30mINFO[0m Skip shell extension 'powershell' for command environment: Not usable outside of PowerShell
[0.364s] [34mcolcon.colcon_core.shell[0m [1;30mDEBUG[0m [32mSkip shell extension 'dsv' for command environment[0m
[0.370s] [34mcolcon.colcon_ros.task.ament_cmake.build[0m [1;30mINFO[0m Building ROS package in '/home/hkit/Downloads/test/mediapipe_only/Ros2_ws/src/result_subscriber' with build type 'ament_cmake'
[0.370s] [34mcolcon.colcon_cmake.task.cmake.build[0m [1;30mINFO[0m Building CMake package in '/home/hkit/Downloads/test/mediapipe_only/Ros2_ws/src/result_subscriber'
[0.371s] [34mcolcon.colcon_core.shell[0m [1;30mINFO[0m Skip shell extension 'powershell' for command environment: Not usable outside of PowerShell
[0.371s] [34mcolcon.colcon_core.shell[0m [1;30mDEBUG[0m [32mSkip shell extension 'dsv' for command environment[0m
[0.717s] [34mcolcon.colcon_core.task.python.build[0m [1;30mINFO[0m Building Python package in '/home/hkit/Downloads/test/mediapipe_only/Ros2_ws/src/result_publisher'
[0.718s] [34mcolcon.colcon_core.shell[0m [1;30mINFO[0m Skip shell extension 'powershell' for command environment: Not usable outside of PowerShell
[0.718s] [34mcolcon.colcon_core.shell[0m [1;30mDEBUG[0m [32mSkip shell extension 'dsv' for command environment[0m
[0.728s] [34mcolcon.colcon_core.event_handler.log_command[0m [1;30mDEBUG[0m [32mInvoking command in '/home/hkit/Downloads/test/mediapipe_only/Ros2_ws/build/result_subscriber': CMAKE_PREFIX_PATH=${CMAKE_PREFIX_PATH}:/home/hkit/Downloads/test/mediapipe_only/Ros2_ws/install/result_publisher:/home/hkit/ros2_ws/install/ros_study_py:/home/hkit/ros2_ws/install/ex_calculator_py:/home/hkit/ros2_ws/install/opencv_py:/home/hkit/ros2_ws/install/hangman_game:/opt/ros/humble /usr/bin/cmake --build /home/hkit/Downloads/test/mediapipe_only/Ros2_ws/build/result_subscriber -- -j8 -l8[0m
[0.896s] [34mcolcon.colcon_core.event_handler.log_command[0m [1;30mDEBUG[0m [32mInvoked command in '/home/hkit/Downloads/test/mediapipe_only/Ros2_ws/build/result_subscriber' returned '0': CMAKE_PREFIX_PATH=${CMAKE_PREFIX_PATH}:/home/hkit/Downloads/test/mediapipe_only/Ros2_ws/install/result_publisher:/home/hkit/ros2_ws/install/ros_study_py:/home/hkit/ros2_ws/install/ex_calculator_py:/home/hkit/ros2_ws/install/opencv_py:/home/hkit/ros2_ws/install/hangman_game:/opt/ros/humble /usr/bin/cmake --build /home/hkit/Downloads/test/mediapipe_only/Ros2_ws/build/result_subscriber -- -j8 -l8[0m
[0.919s] [34mcolcon.colcon_core.event_handler.log_command[0m [1;30mDEBUG[0m [32mInvoking command in '/home/hkit/Downloads/test/mediapipe_only/Ros2_ws/build/result_subscriber': CMAKE_PREFIX_PATH=${CMAKE_PREFIX_PATH}:/home/hkit/Downloads/test/mediapipe_only/Ros2_ws/install/result_publisher:/home/hkit/ros2_ws/install/ros_study_py:/home/hkit/ros2_ws/install/ex_calculator_py:/home/hkit/ros2_ws/install/opencv_py:/home/hkit/ros2_ws/install/hangman_game:/opt/ros/humble /usr/bin/cmake --install /home/hkit/Downloads/test/mediapipe_only/Ros2_ws/build/result_subscriber[0m
[0.941s] [34mcolcon.colcon_core.environment[0m [1;30mLevel 1[0m create_environment_scripts_only(result_subscriber)
[0.942s] [34mcolcon.colcon_core.event_handler.log_command[0m [1;30mDEBUG[0m [32mInvoked command in '/home/hkit/Downloads/test/mediapipe_only/Ros2_ws/build/result_subscriber' returned '0': CMAKE_PREFIX_PATH=${CMAKE_PREFIX_PATH}:/home/hkit/Downloads/test/mediapipe_only/Ros2_ws/install/result_publisher:/home/hkit/ros2_ws/install/ros_study_py:/home/hkit/ros2_ws/install/ex_calculator_py:/home/hkit/ros2_ws/install/opencv_py:/home/hkit/ros2_ws/install/hangman_game:/opt/ros/humble /usr/bin/cmake --install /home/hkit/Downloads/test/mediapipe_only/Ros2_ws/build/result_subscriber[0m
[0.946s] [34mcolcon.colcon_core.environment[0m [1;30mLevel 1[0m checking '/home/hkit/Downloads/test/mediapipe_only/Ros2_ws/install/result_subscriber' for CMake module files
[0.947s] [34mcolcon.colcon_core.environment[0m [1;30mLevel 1[0m checking '/home/hkit/Downloads/test/mediapipe_only/Ros2_ws/install/result_subscriber' for CMake config files
[0.947s] [34mcolcon.colcon_core.shell[0m [1;30mLevel 1[0m create_environment_hook('result_subscriber', 'cmake_prefix_path')
[0.948s] [34mcolcon.colcon_core.shell[0m [1;30mINFO[0m Creating environment hook '/home/hkit/Downloads/test/mediapipe_only/Ros2_ws/install/result_subscriber/share/result_subscriber/hook/cmake_prefix_path.ps1'
[0.949s] [34mcolcon.colcon_core.shell[0m [1;30mINFO[0m Creating environment descriptor '/home/hkit/Downloads/test/mediapipe_only/Ros2_ws/install/result_subscriber/share/result_subscriber/hook/cmake_prefix_path.dsv'
[0.949s] [34mcolcon.colcon_core.shell[0m [1;30mINFO[0m Creating environment hook '/home/hkit/Downloads/test/mediapipe_only/Ros2_ws/install/result_subscriber/share/result_subscriber/hook/cmake_prefix_path.sh'
[0.950s] [34mcolcon.colcon_core.environment[0m [1;30mLevel 1[0m checking '/home/hkit/Downloads/test/mediapipe_only/Ros2_ws/install/result_subscriber/lib'
[0.950s] [34mcolcon.colcon_core.environment[0m [1;30mLevel 1[0m checking '/home/hkit/Downloads/test/mediapipe_only/Ros2_ws/install/result_subscriber/bin'
[0.950s] [34mcolcon.colcon_core.environment[0m [1;30mLevel 1[0m checking '/home/hkit/Downloads/test/mediapipe_only/Ros2_ws/install/result_subscriber/lib/pkgconfig/result_subscriber.pc'
[0.950s] [34mcolcon.colcon_core.environment[0m [1;30mLevel 1[0m checking '/home/hkit/Downloads/test/mediapipe_only/Ros2_ws/install/result_subscriber/lib/python3.10/site-packages'
[0.950s] [34mcolcon.colcon_core.environment[0m [1;30mLevel 1[0m checking '/home/hkit/Downloads/test/mediapipe_only/Ros2_ws/install/result_subscriber/bin'
[0.951s] [34mcolcon.colcon_core.shell[0m [1;30mINFO[0m Creating package script '/home/hkit/Downloads/test/mediapipe_only/Ros2_ws/install/result_subscriber/share/result_subscriber/package.ps1'
[0.953s] [34mcolcon.colcon_core.shell[0m [1;30mINFO[0m Creating package descriptor '/home/hkit/Downloads/test/mediapipe_only/Ros2_ws/install/result_subscriber/share/result_subscriber/package.dsv'
[0.954s] [34mcolcon.colcon_core.shell[0m [1;30mINFO[0m Creating package script '/home/hkit/Downloads/test/mediapipe_only/Ros2_ws/install/result_subscriber/share/result_subscriber/package.sh'
[0.955s] [34mcolcon.colcon_core.shell[0m [1;30mINFO[0m Creating package script '/home/hkit/Downloads/test/mediapipe_only/Ros2_ws/install/result_subscriber/share/result_subscriber/package.bash'
[0.958s] [34mcolcon.colcon_core.shell[0m [1;30mINFO[0m Creating package script '/home/hkit/Downloads/test/mediapipe_only/Ros2_ws/install/result_subscriber/share/result_subscriber/package.zsh'
[0.959s] [34mcolcon.colcon_core.environment[0m [1;30mLevel 1[0m create_file_with_runtime_dependencies(/home/hkit/Downloads/test/mediapipe_only/Ros2_ws/install/result_subscriber/share/colcon-core/packages/result_subscriber)
[0.960s] [34mcolcon.colcon_core.environment[0m [1;30mLevel 1[0m create_environment_scripts_only(result_subscriber)
[0.961s] [34mcolcon.colcon_core.environment[0m [1;30mLevel 1[0m checking '/home/hkit/Downloads/test/mediapipe_only/Ros2_ws/install/result_subscriber' for CMake module files
[0.961s] [34mcolcon.colcon_core.environment[0m [1;30mLevel 1[0m checking '/home/hkit/Downloads/test/mediapipe_only/Ros2_ws/install/result_subscriber' for CMake config files
[0.962s] [34mcolcon.colcon_core.shell[0m [1;30mLevel 1[0m create_environment_hook('result_subscriber', 'cmake_prefix_path')
[0.962s] [34mcolcon.colcon_core.shell[0m [1;30mINFO[0m Creating environment hook '/home/hkit/Downloads/test/mediapipe_only/Ros2_ws/install/result_subscriber/share/result_subscriber/hook/cmake_prefix_path.ps1'
[0.963s] [34mcolcon.colcon_core.shell[0m [1;30mINFO[0m Creating environment descriptor '/home/hkit/Downloads/test/mediapipe_only/Ros2_ws/install/result_subscriber/share/result_subscriber/hook/cmake_prefix_path.dsv'
[0.964s] [34mcolcon.colcon_core.shell[0m [1;30mINFO[0m Creating environment hook '/home/hkit/Downloads/test/mediapipe_only/Ros2_ws/install/result_subscriber/share/result_subscriber/hook/cmake_prefix_path.sh'
[0.965s] [34mcolcon.colcon_core.environment[0m [1;30mLevel 1[0m checking '/home/hkit/Downloads/test/mediapipe_only/Ros2_ws/install/result_subscriber/lib'
[0.965s] [34mcolcon.colcon_core.environment[0m [1;30mLevel 1[0m checking '/home/hkit/Downloads/test/mediapipe_only/Ros2_ws/install/result_subscriber/bin'
[0.965s] [34mcolcon.colcon_core.environment[0m [1;30mLevel 1[0m checking '/home/hkit/Downloads/test/mediapipe_only/Ros2_ws/install/result_subscriber/lib/pkgconfig/result_subscriber.pc'
[0.965s] [34mcolcon.colcon_core.environment[0m [1;30mLevel 1[0m checking '/home/hkit/Downloads/test/mediapipe_only/Ros2_ws/install/result_subscriber/lib/python3.10/site-packages'
[0.965s] [34mcolcon.colcon_core.environment[0m [1;30mLevel 1[0m checking '/home/hkit/Downloads/test/mediapipe_only/Ros2_ws/install/result_subscriber/bin'
[0.966s] [34mcolcon.colcon_core.shell[0m [1;30mINFO[0m Creating package script '/home/hkit/Downloads/test/mediapipe_only/Ros2_ws/install/result_subscriber/share/result_subscriber/package.ps1'
[0.966s] [34mcolcon.colcon_core.shell[0m [1;30mINFO[0m Creating package descriptor '/home/hkit/Downloads/test/mediapipe_only/Ros2_ws/install/result_subscriber/share/result_subscriber/package.dsv'
[0.966s] [34mcolcon.colcon_core.shell[0m [1;30mINFO[0m Creating package script '/home/hkit/Downloads/test/mediapipe_only/Ros2_ws/install/result_subscriber/share/result_subscriber/package.sh'
[0.967s] [34mcolcon.colcon_core.shell[0m [1;30mINFO[0m Creating package script '/home/hkit/Downloads/test/mediapipe_only/Ros2_ws/install/result_subscriber/share/result_subscriber/package.bash'
[0.967s] [34mcolcon.colcon_core.shell[0m [1;30mINFO[0m Creating package script '/home/hkit/Downloads/test/mediapipe_only/Ros2_ws/install/result_subscriber/share/result_subscriber/package.zsh'
[0.968s] [34mcolcon.colcon_core.environment[0m [1;30mLevel 1[0m create_file_with_runtime_dependencies(/home/hkit/Downloads/test/mediapipe_only/Ros2_ws/install/result_subscriber/share/colcon-core/packages/result_subscriber)
[1.437s] [34mcolcon.colcon_core.event_handler.log_command[0m [1;30mDEBUG[0m [32mInvoking command in '/home/hkit/Downloads/test/mediapipe_only/Ros2_ws/src/result_publisher': PYTHONPATH=/home/hkit/Downloads/test/mediapipe_only/Ros2_ws/build/result_publisher/prefix_override:/usr/lib/python3/dist-packages/colcon_core/task/python/colcon_distutils_commands:/home/hkit/Downloads/test/mediapipe_only/Ros2_ws/install/result_publisher/lib/python3.10/site-packages:${PYTHONPATH} /usr/bin/python3 -W ignore:setup.py install is deprecated -W ignore:easy_install command is deprecated setup.py egg_info --egg-base ../../build/result_publisher build --build-base /home/hkit/Downloads/test/mediapipe_only/Ros2_ws/build/result_publisher/build install --record /home/hkit/Downloads/test/mediapipe_only/Ros2_ws/build/result_publisher/install.log --single-version-externally-managed install_data[0m
[2.102s] [34mcolcon.colcon_core.environment[0m [1;30mLevel 1[0m checking '/home/hkit/Downloads/test/mediapipe_only/Ros2_ws/install/result_publisher' for CMake module files
[2.103s] [34mcolcon.colcon_core.event_handler.log_command[0m [1;30mDEBUG[0m [32mInvoked command in '/home/hkit/Downloads/test/mediapipe_only/Ros2_ws/src/result_publisher' returned '0': PYTHONPATH=/home/hkit/Downloads/test/mediapipe_only/Ros2_ws/build/result_publisher/prefix_override:/usr/lib/python3/dist-packages/colcon_core/task/python/colcon_distutils_commands:/home/hkit/Downloads/test/mediapipe_only/Ros2_ws/install/result_publisher/lib/python3.10/site-packages:${PYTHONPATH} /usr/bin/python3 -W ignore:setup.py install is deprecated -W ignore:easy_install command is deprecated setup.py egg_info --egg-base ../../build/result_publisher build --build-base /home/hkit/Downloads/test/mediapipe_only/Ros2_ws/build/result_publisher/build install --record /home/hkit/Downloads/test/mediapipe_only/Ros2_ws/build/result_publisher/install.log --single-version-externally-managed install_data[0m
[2.104s] [34mcolcon.colcon_core.environment[0m [1;30mLevel 1[0m checking '/home/hkit/Downloads/test/mediapipe_only/Ros2_ws/install/result_publisher' for CMake config files
[2.105s] [34mcolcon.colcon_core.environment[0m [1;30mLevel 1[0m checking '/home/hkit/Downloads/test/mediapipe_only/Ros2_ws/install/result_publisher/lib'
[2.106s] [34mcolcon.colcon_core.environment[0m [1;30mLevel 1[0m checking '/home/hkit/Downloads/test/mediapipe_only/Ros2_ws/install/result_publisher/bin'
[2.106s] [34mcolcon.colcon_core.environment[0m [1;30mLevel 1[0m checking '/home/hkit/Downloads/test/mediapipe_only/Ros2_ws/install/result_publisher/lib/pkgconfig/result_publisher.pc'
[2.106s] [34mcolcon.colcon_core.environment[0m [1;30mLevel 1[0m checking '/home/hkit/Downloads/test/mediapipe_only/Ros2_ws/install/result_publisher/lib/python3.10/site-packages'
[2.106s] [34mcolcon.colcon_core.shell[0m [1;30mLevel 1[0m create_environment_hook('result_publisher', 'pythonpath')
[2.107s] [34mcolcon.colcon_core.shell[0m [1;30mINFO[0m Creating environment hook '/home/hkit/Downloads/test/mediapipe_only/Ros2_ws/install/result_publisher/share/result_publisher/hook/pythonpath.ps1'
[2.108s] [34mcolcon.colcon_core.shell[0m [1;30mINFO[0m Creating environment descriptor '/home/hkit/Downloads/test/mediapipe_only/Ros2_ws/install/result_publisher/share/result_publisher/hook/pythonpath.dsv'
[2.108s] [34mcolcon.colcon_core.shell[0m [1;30mINFO[0m Creating environment hook '/home/hkit/Downloads/test/mediapipe_only/Ros2_ws/install/result_publisher/share/result_publisher/hook/pythonpath.sh'
[2.109s] [34mcolcon.colcon_core.environment[0m [1;30mLevel 1[0m checking '/home/hkit/Downloads/test/mediapipe_only/Ros2_ws/install/result_publisher/bin'
[2.109s] [34mcolcon.colcon_core.environment[0m [1;30mLevel 1[0m create_environment_scripts_only(result_publisher)
[2.110s] [34mcolcon.colcon_core.shell[0m [1;30mINFO[0m Creating package script '/home/hkit/Downloads/test/mediapipe_only/Ros2_ws/install/result_publisher/share/result_publisher/package.ps1'
[2.110s] [34mcolcon.colcon_core.shell[0m [1;30mINFO[0m Creating package descriptor '/home/hkit/Downloads/test/mediapipe_only/Ros2_ws/install/result_publisher/share/result_publisher/package.dsv'
[2.111s] [34mcolcon.colcon_core.shell[0m [1;30mINFO[0m Creating package script '/home/hkit/Downloads/test/mediapipe_only/Ros2_ws/install/result_publisher/share/result_publisher/package.sh'
[2.111s] [34mcolcon.colcon_core.shell[0m [1;30mINFO[0m Creating package script '/home/hkit/Downloads/test/mediapipe_only/Ros2_ws/install/result_publisher/share/result_publisher/package.bash'
[2.112s] [34mcolcon.colcon_core.shell[0m [1;30mINFO[0m Creating package script '/home/hkit/Downloads/test/mediapipe_only/Ros2_ws/install/result_publisher/share/result_publisher/package.zsh'
[2.112s] [34mcolcon.colcon_core.environment[0m [1;30mLevel 1[0m create_file_with_runtime_dependencies(/home/hkit/Downloads/test/mediapipe_only/Ros2_ws/install/result_publisher/share/colcon-core/packages/result_publisher)
[2.112s] [34mcolcon.colcon_parallel_executor.executor.parallel[0m [1;30mDEBUG[0m [32mclosing loop[0m
[2.113s] [34mcolcon.colcon_parallel_executor.executor.parallel[0m [1;30mDEBUG[0m [32mloop closed[0m
[2.113s] [34mcolcon.colcon_parallel_executor.executor.parallel[0m [1;30mDEBUG[0m [32mrun_until_complete finished with '0'[0m
[2.113s] [34mcolcon.colcon_core.event_reactor[0m [1;30mDEBUG[0m [32mjoining thread[0m
[2.121s] [34mcolcon.colcon_core.plugin_system[0m [1;30mINFO[0m Skipping extension 'colcon_notification.desktop_notification.terminal_notifier': Not used on non-Darwin systems
[2.121s] [34mcolcon.colcon_core.plugin_system[0m [1;30mINFO[0m Skipping extension 'colcon_notification.desktop_notification.win32': Not used on non-Windows systems
[2.121s] [34mcolcon.colcon_notification.desktop_notification[0m [1;30mINFO[0m Sending desktop notification using 'notify2'
[2.134s] [34mcolcon.colcon_core.event_reactor[0m [1;30mDEBUG[0m [32mjoined thread[0m
[2.135s] [34mcolcon.colcon_core.shell[0m [1;30mINFO[0m Creating prefix script '/home/hkit/Downloads/test/mediapipe_only/Ros2_ws/install/local_setup.ps1'
[2.137s] [34mcolcon.colcon_core.shell[0m [1;30mINFO[0m Creating prefix util module '/home/hkit/Downloads/test/mediapipe_only/Ros2_ws/install/_local_setup_util_ps1.py'
[2.140s] [34mcolcon.colcon_core.shell[0m [1;30mINFO[0m Creating prefix chain script '/home/hkit/Downloads/test/mediapipe_only/Ros2_ws/install/setup.ps1'
[2.142s] [34mcolcon.colcon_core.shell[0m [1;30mINFO[0m Creating prefix script '/home/hkit/Downloads/test/mediapipe_only/Ros2_ws/install/local_setup.sh'
[2.143s] [34mcolcon.colcon_core.shell[0m [1;30mINFO[0m Creating prefix util module '/home/hkit/Downloads/test/mediapipe_only/Ros2_ws/install/_local_setup_util_sh.py'
[2.143s] [34mcolcon.colcon_core.shell[0m [1;30mINFO[0m Creating prefix chain script '/home/hkit/Downloads/test/mediapipe_only/Ros2_ws/install/setup.sh'
[2.145s] [34mcolcon.colcon_core.shell[0m [1;30mINFO[0m Creating prefix script '/home/hkit/Downloads/test/mediapipe_only/Ros2_ws/install/local_setup.bash'
[2.145s] [34mcolcon.colcon_core.shell[0m [1;30mINFO[0m Creating prefix chain script '/home/hkit/Downloads/test/mediapipe_only/Ros2_ws/install/setup.bash'
[2.147s] [34mcolcon.colcon_core.shell[0m [1;30mINFO[0m Creating prefix script '/home/hkit/Downloads/test/mediapipe_only/Ros2_ws/install/local_setup.zsh'
[2.148s] [34mcolcon.colcon_core.shell[0m [1;30mINFO[0m Creating prefix chain script '/home/hkit/Downloads/test/mediapipe_only/Ros2_ws/install/setup.zsh'
